DEBUG:root:[2017-01-16 18:24:00.762726] -> car2go torino: session error
DEBUG:root:[2017-01-16 18:24:00.763142] -> car2go torino: session error
DEBUG:root:[2017-01-16 18:25:13.819083] -> car2go torino: session error
DEBUG:root:[2017-01-16 18:25:13.819330] -> car2go torino: session error
DEBUG:root:[2017-01-16 18:31:51.943897] -> car2go torino: session error
DEBUG:root:[2017-01-16 18:31:51.944126] -> car2go torino: session error
DEBUG:root:[2017-01-16 18:34:57.841936] -> car2go torino: session error
DEBUG:root:[2017-01-16 18:34:57.842127] -> car2go torino: session error
DEBUG:root:[2017-01-16 18:36:33.803285] -> car2go torino: session error
DEBUG:root:[2017-01-16 18:36:33.803468] -> car2go torino: session error
DEBUG:root:[2017-01-16 18:36:48.841854] -> car2go torino: session error
DEBUG:root:[2017-01-16 18:36:48.842374] -> car2go torino: session error
DEBUG:root:[2017-01-16 18:44:00.087475] -> car2go torino: session error
DEBUG:root:[2017-01-16 18:44:00.087665] -> car2go torino: session error
DEBUG:root:[2017-01-16 18:44:15.217667] -> car2go torino: session error
DEBUG:root:[2017-01-16 18:44:15.217920] -> car2go torino: session error
DEBUG:root:[2017-01-16 18:45:01.604333] -> car2go torino: session success
DEBUG:root:[2017-01-16 18:45:01.604610] -> car2go torino: session success
INFO:requests.packages.urllib3.connectionpool:Starting new HTTPS connection (1): maps.googleapis.com
DEBUG:requests.packages.urllib3.connectionpool:"GET /maps/api/directions/json?departure_time=1484900460&destination=45.06166%2C7.67332&mode=transit&origin=45.04685%2C7.68374&key=AIzaSyD3PdBLQxWMDsaJ1tdHOs02QNBuIEqLSiQ HTTP/1.1" 200 2356
DEBUG:root:[2017-01-16 18:48:25.739096] -> car2go torino: session success
DEBUG:root:[2017-01-16 18:48:25.739533] -> car2go torino: session success
INFO:requests.packages.urllib3.connectionpool:Starting new HTTPS connection (1): maps.googleapis.com
DEBUG:requests.packages.urllib3.connectionpool:"GET /maps/api/directions/json?departure_time=1484900460&destination=45.06166%2C7.67332&mode=transit&origin=45.04685%2C7.68374&key=AIzaSyD3PdBLQxWMDsaJ1tdHOs02QNBuIEqLSiQ HTTP/1.1" 200 2356
DEBUG:root:[2017-01-16 18:48:46.120085] -> car2go torino: session success
DEBUG:root:[2017-01-16 18:48:46.120400] -> car2go torino: session success
INFO:requests.packages.urllib3.connectionpool:Starting new HTTPS connection (1): maps.googleapis.com
DEBUG:requests.packages.urllib3.connectionpool:"GET /maps/api/directions/json?departure_time=1484900460&destination=45.06166%2C7.67332&mode=transit&origin=45.04685%2C7.68374&key=AIzaSyD3PdBLQxWMDsaJ1tdHOs02QNBuIEqLSiQ HTTP/1.1" 200 2356
DEBUG:root:[2017-01-16 18:49:08.667745] -> car2go torino: session success
DEBUG:root:[2017-01-16 18:49:08.668000] -> car2go torino: session success
INFO:requests.packages.urllib3.connectionpool:Starting new HTTPS connection (1): maps.googleapis.com
DEBUG:requests.packages.urllib3.connectionpool:"GET /maps/api/directions/json?departure_time=1484900460&destination=45.06166%2C7.67332&mode=transit&origin=45.04685%2C7.68374&key=AIzaSyD3PdBLQxWMDsaJ1tdHOs02QNBuIEqLSiQ HTTP/1.1" 200 2356
INFO:requests.packages.urllib3.connectionpool:Starting new HTTPS connection (1): maps.googleapis.com
DEBUG:requests.packages.urllib3.connectionpool:"GET /maps/api/directions/json?departure_time=1484902940&destination=45.101%2C7.66981&mode=transit&origin=45.06166%2C7.67332&key=AIzaSyD3PdBLQxWMDsaJ1tdHOs02QNBuIEqLSiQ HTTP/1.1" 200 2324
INFO:requests.packages.urllib3.connectionpool:Starting new HTTPS connection (1): maps.googleapis.com
DEBUG:requests.packages.urllib3.connectionpool:"GET /maps/api/directions/json?departure_time=1484938927&destination=45.0601%2C7.67054&mode=transit&origin=45.101%2C7.66981&key=AIzaSyD3PdBLQxWMDsaJ1tdHOs02QNBuIEqLSiQ HTTP/1.1" 200 2326
INFO:requests.packages.urllib3.connectionpool:Starting new HTTPS connection (1): maps.googleapis.com
DEBUG:requests.packages.urllib3.connectionpool:"GET /maps/api/directions/json?departure_time=1484940968&destination=45.06621%2C7.69782&mode=transit&origin=45.0601%2C7.67054&key=AIzaSyD3PdBLQxWMDsaJ1tdHOs02QNBuIEqLSiQ HTTP/1.1" 200 2221
INFO:requests.packages.urllib3.connectionpool:Starting new HTTPS connection (1): maps.googleapis.com
DEBUG:requests.packages.urllib3.connectionpool:"GET /maps/api/directions/json?departure_time=1484951084&destination=45.06621%2C7.69782&mode=transit&origin=45.06621%2C7.69782&key=AIzaSyD3PdBLQxWMDsaJ1tdHOs02QNBuIEqLSiQ HTTP/1.1" 200 766
DEBUG:root:[2017-01-16 18:49:54.360367] -> car2go torino: session success
DEBUG:root:[2017-01-16 18:49:54.360826] -> car2go torino: session success
INFO:requests.packages.urllib3.connectionpool:Starting new HTTPS connection (1): maps.googleapis.com
DEBUG:requests.packages.urllib3.connectionpool:"GET /maps/api/directions/json?departure_time=1484900460&destination=45.06166%2C7.67332&mode=transit&origin=45.04685%2C7.68374&key=AIzaSyD3PdBLQxWMDsaJ1tdHOs02QNBuIEqLSiQ HTTP/1.1" 200 2356
INFO:requests.packages.urllib3.connectionpool:Starting new HTTPS connection (1): maps.googleapis.com
DEBUG:requests.packages.urllib3.connectionpool:"GET /maps/api/directions/json?departure_time=1484902940&destination=45.101%2C7.66981&mode=transit&origin=45.06166%2C7.67332&key=AIzaSyD3PdBLQxWMDsaJ1tdHOs02QNBuIEqLSiQ HTTP/1.1" 200 2324
INFO:requests.packages.urllib3.connectionpool:Starting new HTTPS connection (1): maps.googleapis.com
DEBUG:requests.packages.urllib3.connectionpool:"GET /maps/api/directions/json?departure_time=1484938927&destination=45.0601%2C7.67054&mode=transit&origin=45.101%2C7.66981&key=AIzaSyD3PdBLQxWMDsaJ1tdHOs02QNBuIEqLSiQ HTTP/1.1" 200 2326
INFO:requests.packages.urllib3.connectionpool:Starting new HTTPS connection (1): maps.googleapis.com
DEBUG:requests.packages.urllib3.connectionpool:"GET /maps/api/directions/json?departure_time=1484940968&destination=45.06621%2C7.69782&mode=transit&origin=45.0601%2C7.67054&key=AIzaSyD3PdBLQxWMDsaJ1tdHOs02QNBuIEqLSiQ HTTP/1.1" 200 2221
INFO:requests.packages.urllib3.connectionpool:Starting new HTTPS connection (1): maps.googleapis.com
DEBUG:requests.packages.urllib3.connectionpool:"GET /maps/api/directions/json?departure_time=1484951084&destination=45.06621%2C7.69782&mode=transit&origin=45.06621%2C7.69782&key=AIzaSyD3PdBLQxWMDsaJ1tdHOs02QNBuIEqLSiQ HTTP/1.1" 200 766
DEBUG:root:[2017-01-16 18:50:55.000848] -> car2go torino: session success
DEBUG:root:[2017-01-16 18:50:55.001152] -> car2go torino: session success
INFO:requests.packages.urllib3.connectionpool:Starting new HTTPS connection (1): maps.googleapis.com
DEBUG:requests.packages.urllib3.connectionpool:"GET /maps/api/directions/json?departure_time=1484900460&destination=45.06166%2C7.67332&mode=transit&origin=45.04685%2C7.68374&key=AIzaSyD3PdBLQxWMDsaJ1tdHOs02QNBuIEqLSiQ HTTP/1.1" 200 2356
INFO:requests.packages.urllib3.connectionpool:Starting new HTTPS connection (1): maps.googleapis.com
DEBUG:requests.packages.urllib3.connectionpool:"GET /maps/api/directions/json?departure_time=1484902940&destination=45.101%2C7.66981&mode=transit&origin=45.06166%2C7.67332&key=AIzaSyD3PdBLQxWMDsaJ1tdHOs02QNBuIEqLSiQ HTTP/1.1" 200 2324
INFO:requests.packages.urllib3.connectionpool:Starting new HTTPS connection (1): maps.googleapis.com
DEBUG:requests.packages.urllib3.connectionpool:"GET /maps/api/directions/json?departure_time=1484938927&destination=45.0601%2C7.67054&mode=transit&origin=45.101%2C7.66981&key=AIzaSyD3PdBLQxWMDsaJ1tdHOs02QNBuIEqLSiQ HTTP/1.1" 200 2326
INFO:requests.packages.urllib3.connectionpool:Starting new HTTPS connection (1): maps.googleapis.com
DEBUG:requests.packages.urllib3.connectionpool:"GET /maps/api/directions/json?departure_time=1484940968&destination=45.06621%2C7.69782&mode=transit&origin=45.0601%2C7.67054&key=AIzaSyD3PdBLQxWMDsaJ1tdHOs02QNBuIEqLSiQ HTTP/1.1" 200 2221
DEBUG:root:[2017-01-16 18:53:05.094063] -> car2go torino: session success
DEBUG:root:[2017-01-16 18:53:05.094521] -> car2go torino: session success
INFO:requests.packages.urllib3.connectionpool:Starting new HTTPS connection (1): maps.googleapis.com
DEBUG:requests.packages.urllib3.connectionpool:"GET /maps/api/directions/json?departure_time=1484900460&destination=45.06166%2C7.67332&mode=transit&origin=45.04685%2C7.68374&key=AIzaSyD3PdBLQxWMDsaJ1tdHOs02QNBuIEqLSiQ HTTP/1.1" 200 2356
INFO:requests.packages.urllib3.connectionpool:Starting new HTTPS connection (1): maps.googleapis.com
DEBUG:requests.packages.urllib3.connectionpool:"GET /maps/api/directions/json?departure_time=1484902940&destination=45.101%2C7.66981&mode=transit&origin=45.06166%2C7.67332&key=AIzaSyD3PdBLQxWMDsaJ1tdHOs02QNBuIEqLSiQ HTTP/1.1" 200 2324
INFO:requests.packages.urllib3.connectionpool:Starting new HTTPS connection (1): maps.googleapis.com
DEBUG:requests.packages.urllib3.connectionpool:"GET /maps/api/directions/json?departure_time=1484938927&destination=45.0601%2C7.67054&mode=transit&origin=45.101%2C7.66981&key=AIzaSyD3PdBLQxWMDsaJ1tdHOs02QNBuIEqLSiQ HTTP/1.1" 200 2326
INFO:requests.packages.urllib3.connectionpool:Starting new HTTPS connection (1): maps.googleapis.com
DEBUG:requests.packages.urllib3.connectionpool:"GET /maps/api/directions/json?departure_time=1484940968&destination=45.06621%2C7.69782&mode=transit&origin=45.0601%2C7.67054&key=AIzaSyD3PdBLQxWMDsaJ1tdHOs02QNBuIEqLSiQ HTTP/1.1" 200 2221
DEBUG:root:[2017-01-17 09:04:29.989240] -> car2go torino: session success
DEBUG:root:[2017-01-17 09:04:29.991644] -> car2go torino: session success
INFO:requests.packages.urllib3.connectionpool:Starting new HTTPS connection (1): maps.googleapis.com
DEBUG:requests.packages.urllib3.connectionpool:"GET /maps/api/directions/json?departure_time=1484900460&destination=45.06166%2C7.67332&mode=transit&origin=45.04685%2C7.68374&key=AIzaSyD3PdBLQxWMDsaJ1tdHOs02QNBuIEqLSiQ HTTP/1.1" 200 2356
INFO:requests.packages.urllib3.connectionpool:Starting new HTTPS connection (1): maps.googleapis.com
DEBUG:requests.packages.urllib3.connectionpool:"GET /maps/api/directions/json?departure_time=1484902940&destination=45.101%2C7.66981&mode=transit&origin=45.06166%2C7.67332&key=AIzaSyD3PdBLQxWMDsaJ1tdHOs02QNBuIEqLSiQ HTTP/1.1" 200 2324
INFO:requests.packages.urllib3.connectionpool:Starting new HTTPS connection (1): maps.googleapis.com
DEBUG:requests.packages.urllib3.connectionpool:"GET /maps/api/directions/json?departure_time=1484938927&destination=45.0601%2C7.67054&mode=transit&origin=45.101%2C7.66981&key=AIzaSyD3PdBLQxWMDsaJ1tdHOs02QNBuIEqLSiQ HTTP/1.1" 200 2326
INFO:requests.packages.urllib3.connectionpool:Starting new HTTPS connection (1): maps.googleapis.com
DEBUG:requests.packages.urllib3.connectionpool:"GET /maps/api/directions/json?departure_time=1484940968&destination=45.06621%2C7.69782&mode=transit&origin=45.0601%2C7.67054&key=AIzaSyD3PdBLQxWMDsaJ1tdHOs02QNBuIEqLSiQ HTTP/1.1" 200 2221
INFO:requests.packages.urllib3.connectionpool:Starting new HTTPS connection (1): maps.googleapis.com
DEBUG:requests.packages.urllib3.connectionpool:"GET /maps/api/directions/json?departure_time=1484951084&destination=45.06621%2C7.69782&mode=transit&origin=45.06621%2C7.69782&key=AIzaSyD3PdBLQxWMDsaJ1tdHOs02QNBuIEqLSiQ HTTP/1.1" 200 766
INFO:requests.packages.urllib3.connectionpool:Starting new HTTPS connection (1): maps.googleapis.com
DEBUG:requests.packages.urllib3.connectionpool:"GET /maps/api/directions/json?departure_time=1484900460&destination=45.06166%2C7.67332&mode=transit&origin=45.04685%2C7.68374&key=AIzaSyDbPG5qS-g0pROiPRcOT2G-keWi54ie2-M HTTP/1.1" 200 2356
INFO:requests.packages.urllib3.connectionpool:Starting new HTTPS connection (1): maps.googleapis.com
DEBUG:requests.packages.urllib3.connectionpool:"GET /maps/api/directions/json?departure_time=1484938927&destination=45.101%2C7.66981&mode=transit&origin=45.06166%2C7.67332&key=AIzaSyDbPG5qS-g0pROiPRcOT2G-keWi54ie2-M HTTP/1.1" 200 2324
INFO:requests.packages.urllib3.connectionpool:Starting new HTTPS connection (1): maps.googleapis.com
DEBUG:requests.packages.urllib3.connectionpool:"GET /maps/api/directions/json?destination=45.06166%2C7.67332&mode=transit&origin=45.04685%2C7.68374&key=AIzaSyDbPG5qS-g0pROiPRcOT2G-keWi54ie2-M HTTP/1.1" 200 2357
INFO:requests.packages.urllib3.connectionpool:Starting new HTTPS connection (1): maps.googleapis.com
DEBUG:requests.packages.urllib3.connectionpool:"GET /maps/api/directions/json?destination=45.06166%2C7.67332&origin=45.04685%2C7.68374&key=AIzaSyDbPG5qS-g0pROiPRcOT2G-keWi54ie2-M HTTP/1.1" 200 1958
INFO:requests.packages.urllib3.connectionpool:Starting new HTTPS connection (1): maps.googleapis.com
DEBUG:requests.packages.urllib3.connectionpool:"GET /maps/api/directions/json?destination=45.06166%2C7.67332&mode=transit&origin=45.04685%2C7.68374&key=AIzaSyDbPG5qS-g0pROiPRcOT2G-keWi54ie2-M HTTP/1.1" 200 2357
INFO:requests.packages.urllib3.connectionpool:Starting new HTTPS connection (1): maps.googleapis.com
DEBUG:requests.packages.urllib3.connectionpool:"GET /maps/api/directions/json?destination=45.06166%2C7.67332&origin=45.04685%2C7.68374&key=AIzaSyDbPG5qS-g0pROiPRcOT2G-keWi54ie2-M HTTP/1.1" 200 1958
INFO:requests.packages.urllib3.connectionpool:Starting new HTTPS connection (1): maps.googleapis.com
DEBUG:requests.packages.urllib3.connectionpool:"GET /maps/api/directions/json?destination=45.06166%2C7.67332&mode=transit&origin=45.04685%2C7.68374&key=AIzaSyDbPG5qS-g0pROiPRcOT2G-keWi54ie2-M HTTP/1.1" 200 2357
INFO:requests.packages.urllib3.connectionpool:Starting new HTTPS connection (1): maps.googleapis.com
DEBUG:requests.packages.urllib3.connectionpool:"GET /maps/api/directions/json?destination=45.06166%2C7.67332&origin=45.04685%2C7.68374&key=AIzaSyDbPG5qS-g0pROiPRcOT2G-keWi54ie2-M HTTP/1.1" 200 1958
INFO:requests.packages.urllib3.connectionpool:Starting new HTTPS connection (1): maps.googleapis.com
DEBUG:requests.packages.urllib3.connectionpool:"GET /maps/api/directions/json?departure_time=1484931834&destination=45.06172%2C7.69132&mode=transit&origin=45.06172%2C7.69132&key=AIzaSyBnUsB3u6Blg23D5uqIQPnM_1Pawkp5VLY HTTP/1.1" 200 760
INFO:requests.packages.urllib3.connectionpool:Starting new HTTPS connection (1): maps.googleapis.com
DEBUG:requests.packages.urllib3.connectionpool:"GET /maps/api/directions/json?departure_time=1484940968&destination=45.06621%2C7.69782&mode=transit&origin=45.0601%2C7.67054&key=AIzaSyBnUsB3u6Blg23D5uqIQPnM_1Pawkp5VLY HTTP/1.1" 200 2221
INFO:requests.packages.urllib3.connectionpool:Starting new HTTPS connection (1): maps.googleapis.com
DEBUG:requests.packages.urllib3.connectionpool:"GET /maps/api/directions/json?departure_time=1484940968&destination=45.06621%2C7.69782&mode=transit&origin=45.0601%2C7.67054&key=AIzaSyBnUsB3u6Blg23D5uqIQPnM_1Pawkp5VLY HTTP/1.1" 200 2221
INFO:requests.packages.urllib3.connectionpool:Starting new HTTPS connection (1): maps.googleapis.com
DEBUG:requests.packages.urllib3.connectionpool:"GET /maps/api/directions/json?departure_time=1484940968&destination=45.06621%2C7.69782&mode=transit&origin=45.0601%2C7.67054&key=AIzaSyBnUsB3u6Blg23D5uqIQPnM_1Pawkp5VLY HTTP/1.1" 200 2221
INFO:requests.packages.urllib3.connectionpool:Starting new HTTPS connection (1): maps.googleapis.com
DEBUG:requests.packages.urllib3.connectionpool:"GET /maps/api/directions/json?departure_time=1484940968&destination=45.06621%2C7.69782&origin=45.0601%2C7.67054&key=AIzaSyBnUsB3u6Blg23D5uqIQPnM_1Pawkp5VLY HTTP/1.1" 200 1868
INFO:requests.packages.urllib3.connectionpool:Starting new HTTPS connection (1): maps.googleapis.com
DEBUG:requests.packages.urllib3.connectionpool:"GET /maps/api/directions/json?departure_time=1484940968&destination=45.06621%2C7.69782&mode=transit&origin=45.0601%2C7.67054&key=AIzaSyBnUsB3u6Blg23D5uqIQPnM_1Pawkp5VLY HTTP/1.1" 200 2221
INFO:requests.packages.urllib3.connectionpool:Starting new HTTPS connection (1): maps.googleapis.com
DEBUG:requests.packages.urllib3.connectionpool:"GET /maps/api/directions/json?departure_time=1484940968&destination=45.06621%2C7.69782&origin=45.0601%2C7.67054&key=AIzaSyBnUsB3u6Blg23D5uqIQPnM_1Pawkp5VLY HTTP/1.1" 200 1868
INFO:requests.packages.urllib3.connectionpool:Starting new HTTPS connection (1): maps.googleapis.com
DEBUG:requests.packages.urllib3.connectionpool:"GET /maps/api/directions/json?departure_time=1484922135&destination=45.06172%2C7.69132&mode=transit&origin=45.0739%2C7.65053&key=AIzaSyBnUsB3u6Blg23D5uqIQPnM_1Pawkp5VLY HTTP/1.1" 200 2347
INFO:requests.packages.urllib3.connectionpool:Starting new HTTPS connection (1): maps.googleapis.com
DEBUG:requests.packages.urllib3.connectionpool:"GET /maps/api/directions/json?departure_time=1484922135&destination=45.06172%2C7.69132&origin=45.0739%2C7.65053&key=AIzaSyBnUsB3u6Blg23D5uqIQPnM_1Pawkp5VLY HTTP/1.1" 200 1763
INFO:requests.packages.urllib3.connectionpool:Starting new HTTPS connection (1): maps.googleapis.com
DEBUG:requests.packages.urllib3.connectionpool:"GET /maps/api/directions/json?departure_time=1484941133&destination=45.07123%2C7.64387&mode=transit&origin=45.06785%2C7.68713&key=AIzaSyBnUsB3u6Blg23D5uqIQPnM_1Pawkp5VLY HTTP/1.1" 200 2421
INFO:requests.packages.urllib3.connectionpool:Starting new HTTPS connection (1): maps.googleapis.com
DEBUG:requests.packages.urllib3.connectionpool:"GET /maps/api/directions/json?departure_time=1484941133&destination=45.07123%2C7.64387&origin=45.06785%2C7.68713&key=AIzaSyBnUsB3u6Blg23D5uqIQPnM_1Pawkp5VLY HTTP/1.1" 200 2182
INFO:requests.packages.urllib3.connectionpool:Starting new HTTPS connection (1): maps.googleapis.com
DEBUG:requests.packages.urllib3.connectionpool:"GET /maps/api/directions/json?departure_time=1484941133&destination=45.07123%2C7.64387&mode=driving&origin=45.06785%2C7.68713&key=AIzaSyBnUsB3u6Blg23D5uqIQPnM_1Pawkp5VLY HTTP/1.1" 200 2182
INFO:requests.packages.urllib3.connectionpool:Starting new HTTPS connection (1): maps.googleapis.com
DEBUG:requests.packages.urllib3.connectionpool:"GET /maps/api/directions/json?departure_time=1484941133&destination=45.07123%2C7.64387&origin=45.06785%2C7.68713&key=AIzaSyBnUsB3u6Blg23D5uqIQPnM_1Pawkp5VLY HTTP/1.1" 200 2182
INFO:requests.packages.urllib3.connectionpool:Starting new HTTPS connection (1): maps.googleapis.com
DEBUG:requests.packages.urllib3.connectionpool:"GET /maps/api/directions/json?departure_time=1484941133&destination=45.07123%2C7.64387&mode=transit&origin=45.06785%2C7.68713&key=AIzaSyBnUsB3u6Blg23D5uqIQPnM_1Pawkp5VLY HTTP/1.1" 200 2421
INFO:requests.packages.urllib3.connectionpool:Starting new HTTPS connection (1): maps.googleapis.com
DEBUG:requests.packages.urllib3.connectionpool:"GET /maps/api/directions/json?departure_time=1484941133&destination=45.07123%2C7.64387&mode=driving&origin=45.06785%2C7.68713&key=AIzaSyBnUsB3u6Blg23D5uqIQPnM_1Pawkp5VLY HTTP/1.1" 200 2182
INFO:requests.packages.urllib3.connectionpool:Starting new HTTPS connection (1): maps.googleapis.com
DEBUG:requests.packages.urllib3.connectionpool:"GET /maps/api/directions/json?departure_time=1484941133&destination=45.07123%2C7.64387&mode=driving&origin=45.06785%2C7.68713&key=AIzaSyBnUsB3u6Blg23D5uqIQPnM_1Pawkp5VLY HTTP/1.1" 200 2182
INFO:requests.packages.urllib3.connectionpool:Starting new HTTPS connection (1): maps.googleapis.com
DEBUG:requests.packages.urllib3.connectionpool:"GET /maps/api/directions/json?departure_time=1484941133&destination=45.07123%2C7.64387&mode=transit&origin=45.06785%2C7.68713&key=AIzaSyBnUsB3u6Blg23D5uqIQPnM_1Pawkp5VLY HTTP/1.1" 200 2421
INFO:requests.packages.urllib3.connectionpool:Starting new HTTPS connection (1): maps.googleapis.com
DEBUG:requests.packages.urllib3.connectionpool:"GET /maps/api/directions/json?departure_time=1484941133&destination=45.07123%2C7.64387&mode=driving&origin=45.06785%2C7.68713&key=AIzaSyBnUsB3u6Blg23D5uqIQPnM_1Pawkp5VLY HTTP/1.1" 200 2182
INFO:requests.packages.urllib3.connectionpool:Starting new HTTPS connection (1): maps.googleapis.com
DEBUG:requests.packages.urllib3.connectionpool:"GET /maps/api/directions/json?departure_time=1484941133&destination=45.07123%2C7.64387&mode=driving&origin=45.06785%2C7.68713&key=AIzaSyBnUsB3u6Blg23D5uqIQPnM_1Pawkp5VLY HTTP/1.1" 200 2182
INFO:requests.packages.urllib3.connectionpool:Starting new HTTPS connection (1): maps.googleapis.com
DEBUG:requests.packages.urllib3.connectionpool:"GET /maps/api/directions/json?departure_time=1484941133&destination=45.07123%2C7.64387&mode=transit&origin=45.06785%2C7.68713&key=AIzaSyBnUsB3u6Blg23D5uqIQPnM_1Pawkp5VLY HTTP/1.1" 200 2421
DEBUG:root:[2017-01-17 12:27:31.103389] -> car2go torino: session success
DEBUG:root:[2017-01-17 12:27:31.103794] -> car2go torino: session success
INFO:requests.packages.urllib3.connectionpool:Starting new HTTPS connection (1): maps.googleapis.com
DEBUG:requests.packages.urllib3.connectionpool:"GET /maps/api/directions/json?departure_time=1484900460&destination=45.06166%2C7.67332&mode=transit&origin=45.04685%2C7.68374&key=AIzaSyD3PdBLQxWMDsaJ1tdHOs02QNBuIEqLSiQ%0A HTTP/1.1" 404 1744
DEBUG:root:[2017-01-17 12:29:24.521577] -> car2go torino: session success
DEBUG:root:[2017-01-17 12:29:24.521785] -> car2go torino: session success
INFO:requests.packages.urllib3.connectionpool:Starting new HTTPS connection (1): maps.googleapis.com
DEBUG:requests.packages.urllib3.connectionpool:"GET /maps/api/directions/json?departure_time=1484900460&destination=45.06166%2C7.67332&mode=transit&origin=45.04685%2C7.68374&key=AIzaSyD3PdBLQxWMDsaJ1tdHOs02QNBuIEqLSiQ%0A HTTP/1.1" 404 1744
DEBUG:root:[2017-01-17 12:30:49.630763] -> car2go torino: session success
DEBUG:root:[2017-01-17 12:30:49.630970] -> car2go torino: session success
DEBUG:root:[2017-01-17 12:31:05.370646] -> car2go torino: session success
DEBUG:root:[2017-01-17 12:31:05.370936] -> car2go torino: session success
DEBUG:root:[2017-01-17 12:32:15.390959] -> car2go torino: session success
DEBUG:root:[2017-01-17 12:32:15.391335] -> car2go torino: session success
INFO:requests.packages.urllib3.connectionpool:Starting new HTTPS connection (1): maps.googleapis.com
DEBUG:requests.packages.urllib3.connectionpool:"GET /maps/api/directions/json?departure_time=1484900460&destination=45.06166%2C7.67332&mode=transit&origin=45.04685%2C7.68374&key=AIzaSyD3PdBLQxWMDsaJ1tdHOs02QNBuIEqLSiQ%0A HTTP/1.1" 404 1744
DEBUG:root:[2017-01-17 14:45:49.816683] -> car2go torino: session success
DEBUG:root:[2017-01-17 14:45:49.817109] -> car2go torino: session success
INFO:requests.packages.urllib3.connectionpool:Starting new HTTPS connection (1): maps.googleapis.com
DEBUG:requests.packages.urllib3.connectionpool:"GET /maps/api/directions/json?departure_time=1484900460&destination=45.06166%2C7.67332&mode=transit&origin=45.04685%2C7.68374&key=AIzaSyD3PdBLQxWMDsaJ1tdHOs02QNBuIEqLSiQ%0A HTTP/1.1" 404 1744
DEBUG:root:[2017-01-17 14:48:05.446181] -> car2go torino: session success
DEBUG:root:[2017-01-17 14:48:05.446919] -> car2go torino: session success
INFO:requests.packages.urllib3.connectionpool:Starting new HTTPS connection (1): maps.googleapis.com
DEBUG:requests.packages.urllib3.connectionpool:"GET /maps/api/directions/json?departure_time=1484900460&destination=45.06166%2C7.67332&mode=transit&origin=45.04685%2C7.68374&key=AIzaSyD3PdBLQxWMDsaJ1tdHOs02QNBuIEqLSiQ%0A HTTP/1.1" 404 1744
DEBUG:root:[2017-01-17 14:50:40.170381] -> car2go torino: session success
DEBUG:root:[2017-01-17 14:50:40.170822] -> car2go torino: session success
INFO:requests.packages.urllib3.connectionpool:Starting new HTTPS connection (1): maps.googleapis.com
DEBUG:requests.packages.urllib3.connectionpool:"GET /maps/api/directions/json?departure_time=1484900460&destination=45.06166%2C7.67332&mode=transit&origin=45.04685%2C7.68374&key=AIzaSyD3PdBLQxWMDsaJ1tdHOs02QNBuIEqLSiQ%0A HTTP/1.1" 404 1744
DEBUG:root:[2017-01-17 14:55:28.593272] -> car2go torino: session success
DEBUG:root:[2017-01-17 14:55:28.593484] -> car2go torino: session success
INFO:requests.packages.urllib3.connectionpool:Starting new HTTPS connection (1): maps.googleapis.com
DEBUG:requests.packages.urllib3.connectionpool:"GET /maps/api/directions/json?departure_time=1484900460&destination=45.06166%2C7.67332&mode=transit&origin=45.04685%2C7.68374&key=AIzaSyD3PdBLQxWMDsaJ1tdHOs02QNBuIEqLSiQ%0A HTTP/1.1" 404 1744
DEBUG:root:[2017-01-17 14:57:40.417500] -> car2go torino: session success
DEBUG:root:[2017-01-17 14:57:40.417771] -> car2go torino: session success
INFO:requests.packages.urllib3.connectionpool:Starting new HTTPS connection (1): maps.googleapis.com
DEBUG:requests.packages.urllib3.connectionpool:"GET /maps/api/directions/json?departure_time=1484900460&destination=45.06166%2C7.67332&mode=transit&origin=45.04685%2C7.68374&key=AIzaSyD3PdBLQxWMDsaJ1tdHOs02QNBuIEqLSiQ HTTP/1.1" 200 2356
INFO:requests.packages.urllib3.connectionpool:Starting new HTTPS connection (1): maps.googleapis.com
DEBUG:requests.packages.urllib3.connectionpool:"GET /maps/api/directions/json?departure_time=1484900460&destination=45.06166%2C7.67332&origin=45.04685%2C7.68374&key=AIzaSyD3PdBLQxWMDsaJ1tdHOs02QNBuIEqLSiQ HTTP/1.1" 200 1976
INFO:requests.packages.urllib3.connectionpool:Starting new HTTPS connection (1): maps.googleapis.com
DEBUG:requests.packages.urllib3.connectionpool:"GET /maps/api/directions/json?departure_time=1484902940&destination=45.101%2C7.66981&mode=transit&origin=45.06166%2C7.67332&key=AIzaSyD3PdBLQxWMDsaJ1tdHOs02QNBuIEqLSiQ HTTP/1.1" 200 2324
INFO:requests.packages.urllib3.connectionpool:Starting new HTTPS connection (1): maps.googleapis.com
DEBUG:requests.packages.urllib3.connectionpool:"GET /maps/api/directions/json?departure_time=1484902940&destination=45.101%2C7.66981&origin=45.06166%2C7.67332&key=AIzaSyD3PdBLQxWMDsaJ1tdHOs02QNBuIEqLSiQ HTTP/1.1" 200 2293
INFO:requests.packages.urllib3.connectionpool:Starting new HTTPS connection (1): maps.googleapis.com
DEBUG:requests.packages.urllib3.connectionpool:"GET /maps/api/directions/json?departure_time=1484938927&destination=45.0601%2C7.67054&mode=transit&origin=45.101%2C7.66981&key=AIzaSyD3PdBLQxWMDsaJ1tdHOs02QNBuIEqLSiQ HTTP/1.1" 200 2326
INFO:requests.packages.urllib3.connectionpool:Starting new HTTPS connection (1): maps.googleapis.com
DEBUG:requests.packages.urllib3.connectionpool:"GET /maps/api/directions/json?departure_time=1484938927&destination=45.0601%2C7.67054&origin=45.101%2C7.66981&key=AIzaSyD3PdBLQxWMDsaJ1tdHOs02QNBuIEqLSiQ HTTP/1.1" 200 2107
DEBUG:root:[2017-01-17 15:03:39.126112] -> car2go torino: session success
DEBUG:root:[2017-01-17 15:03:39.126367] -> car2go torino: session success
INFO:requests.packages.urllib3.connectionpool:Starting new HTTPS connection (1): maps.googleapis.com
DEBUG:requests.packages.urllib3.connectionpool:"GET /maps/api/directions/json?departure_time=1484900460&destination=45.06166%2C7.67332&mode=transit&origin=45.04685%2C7.68374&key=AIzaSyD3PdBLQxWMDsaJ1tdHOs02QNBuIEqLSiQ%0A HTTP/1.1" 404 1744
DEBUG:root:[2017-01-17 15:33:52.978818] -> car2go torino: session success
DEBUG:root:[2017-01-17 15:33:52.979116] -> car2go torino: session success
INFO:requests.packages.urllib3.connectionpool:Starting new HTTPS connection (1): maps.googleapis.com
DEBUG:requests.packages.urllib3.connectionpool:"GET /maps/api/directions/json?departure_time=1484900460&destination=45.06166%2C7.67332&mode=transit&origin=45.04685%2C7.68374&key=AIzaSyD3PdBLQxWMDsaJ1tdHOs02QNBuIEqLSiQ%0A HTTP/1.1" 404 1744
DEBUG:root:[2017-01-17 15:37:43.575287] -> car2go torino: session success
DEBUG:root:[2017-01-17 15:37:43.575692] -> car2go torino: session success
INFO:requests.packages.urllib3.connectionpool:Starting new HTTPS connection (1): maps.googleapis.com
DEBUG:requests.packages.urllib3.connectionpool:"GET /maps/api/directions/json?departure_time=1484900460&destination=45.06166%2C7.67332&mode=transit&origin=45.04685%2C7.68374&key=AIzaSyD3PdBLQxWMDsaJ1tdHOs02QNBuIEqLSiQ HTTP/1.1" 200 2356
INFO:requests.packages.urllib3.connectionpool:Starting new HTTPS connection (1): maps.googleapis.com
DEBUG:requests.packages.urllib3.connectionpool:"GET /maps/api/directions/json?departure_time=1484900460&destination=45.06166%2C7.67332&origin=45.04685%2C7.68374&key=AIzaSyD3PdBLQxWMDsaJ1tdHOs02QNBuIEqLSiQ HTTP/1.1" 200 1976
INFO:requests.packages.urllib3.connectionpool:Starting new HTTPS connection (1): maps.googleapis.com
DEBUG:requests.packages.urllib3.connectionpool:"GET /maps/api/directions/json?departure_time=1484902940&destination=45.101%2C7.66981&mode=transit&origin=45.06166%2C7.67332&key=AIzaSyD3PdBLQxWMDsaJ1tdHOs02QNBuIEqLSiQ HTTP/1.1" 200 2324
INFO:requests.packages.urllib3.connectionpool:Starting new HTTPS connection (1): maps.googleapis.com
DEBUG:requests.packages.urllib3.connectionpool:"GET /maps/api/directions/json?departure_time=1484902940&destination=45.101%2C7.66981&origin=45.06166%2C7.67332&key=AIzaSyD3PdBLQxWMDsaJ1tdHOs02QNBuIEqLSiQ HTTP/1.1" 200 2293
INFO:requests.packages.urllib3.connectionpool:Starting new HTTPS connection (1): maps.googleapis.com
DEBUG:requests.packages.urllib3.connectionpool:"GET /maps/api/directions/json?departure_time=1484938927&destination=45.0601%2C7.67054&mode=transit&origin=45.101%2C7.66981&key=AIzaSyD3PdBLQxWMDsaJ1tdHOs02QNBuIEqLSiQ HTTP/1.1" 200 2326
INFO:requests.packages.urllib3.connectionpool:Starting new HTTPS connection (1): maps.googleapis.com
DEBUG:requests.packages.urllib3.connectionpool:"GET /maps/api/directions/json?departure_time=1484938927&destination=45.0601%2C7.67054&origin=45.101%2C7.66981&key=AIzaSyD3PdBLQxWMDsaJ1tdHOs02QNBuIEqLSiQ HTTP/1.1" 200 2107
INFO:requests.packages.urllib3.connectionpool:Starting new HTTPS connection (1): maps.googleapis.com
DEBUG:requests.packages.urllib3.connectionpool:"GET /maps/api/directions/json?departure_time=1484940968&destination=45.06621%2C7.69782&mode=transit&origin=45.0601%2C7.67054&key=AIzaSyD3PdBLQxWMDsaJ1tdHOs02QNBuIEqLSiQ HTTP/1.1" 200 2221
DEBUG:root:[2017-01-17 15:40:48.350267] -> car2go torino: session success
DEBUG:root:[2017-01-17 15:40:48.350653] -> car2go torino: session success
INFO:requests.packages.urllib3.connectionpool:Starting new HTTPS connection (1): maps.googleapis.com
DEBUG:requests.packages.urllib3.connectionpool:"GET /maps/api/directions/json?departure_time=1484900460&destination=45.06166%2C7.67332&mode=transit&origin=45.04685%2C7.68374&key=AIzaSyD3PdBLQxWMDsaJ1tdHOs02QNBuIEqLSiQ HTTP/1.1" 200 2356
DEBUG:root:[2017-01-17 15:41:09.138567] -> car2go torino: session success
DEBUG:root:[2017-01-17 15:41:09.138815] -> car2go torino: session success
INFO:requests.packages.urllib3.connectionpool:Starting new HTTPS connection (1): maps.googleapis.com
DEBUG:requests.packages.urllib3.connectionpool:"GET /maps/api/directions/json?departure_time=1484900460&destination=45.06166%2C7.67332&mode=transit&origin=45.04685%2C7.68374&key=AIzaSyD3PdBLQxWMDsaJ1tdHOs02QNBuIEqLSiQ HTTP/1.1" 200 2356
DEBUG:root:[2017-01-17 15:41:32.173310] -> car2go torino: session success
DEBUG:root:[2017-01-17 15:41:32.173518] -> car2go torino: session success
DEBUG:root:[2017-01-17 15:41:44.488141] -> car2go torino: session success
DEBUG:root:[2017-01-17 15:41:44.488492] -> car2go torino: session success
DEBUG:root:[2017-01-17 15:41:58.135175] -> car2go torino: session success
DEBUG:root:[2017-01-17 15:41:58.135420] -> car2go torino: session success
DEBUG:root:[2017-01-17 15:42:22.206291] -> car2go torino: session success
DEBUG:root:[2017-01-17 15:42:22.206527] -> car2go torino: session success
INFO:requests.packages.urllib3.connectionpool:Starting new HTTPS connection (1): maps.googleapis.com
DEBUG:requests.packages.urllib3.connectionpool:"GET /maps/api/directions/json?departure_time=1484900460&destination=45.06166%2C7.67332&mode=transit&origin=45.04685%2C7.68374&key=AIzaSyD3PdBLQxWMDsaJ1tdHOs02QNBuIEqLSiQ HTTP/1.1" 200 2356
INFO:requests.packages.urllib3.connectionpool:Starting new HTTPS connection (1): maps.googleapis.com
DEBUG:requests.packages.urllib3.connectionpool:"GET /maps/api/directions/json?departure_time=1484900460&destination=45.06166%2C7.67332&origin=45.04685%2C7.68374&key=AIzaSyD3PdBLQxWMDsaJ1tdHOs02QNBuIEqLSiQ HTTP/1.1" 200 1976
DEBUG:root:[2017-01-17 15:42:38.077441] -> car2go torino: session success
DEBUG:root:[2017-01-17 15:42:38.077713] -> car2go torino: session success
DEBUG:root:[2017-01-17 15:42:55.544621] -> car2go torino: session success
DEBUG:root:[2017-01-17 15:42:55.544927] -> car2go torino: session success
DEBUG:root:[2017-01-17 15:43:12.913071] -> car2go torino: session success
DEBUG:root:[2017-01-17 15:43:12.913330] -> car2go torino: session success
INFO:requests.packages.urllib3.connectionpool:Starting new HTTPS connection (1): maps.googleapis.com
DEBUG:requests.packages.urllib3.connectionpool:"GET /maps/api/directions/json?departure_time=1484900460&destination=45.06166%2C7.67332&mode=transit&origin=45.04685%2C7.68374&key=AIzaSyD3PdBLQxWMDsaJ1tdHOs02QNBuIEqLSiQ HTTP/1.1" 200 2356
DEBUG:root:[2017-01-17 15:43:29.751040] -> car2go torino: session success
DEBUG:root:[2017-01-17 15:43:29.751366] -> car2go torino: session success
DEBUG:root:[2017-01-17 15:43:46.679205] -> car2go torino: session success
DEBUG:root:[2017-01-17 15:43:46.679547] -> car2go torino: session success
DEBUG:root:[2017-01-17 15:44:11.932910] -> car2go torino: session success
DEBUG:root:[2017-01-17 15:44:11.933184] -> car2go torino: session success
DEBUG:root:[2017-01-17 15:44:26.407325] -> car2go torino: session success
DEBUG:root:[2017-01-17 15:44:26.407700] -> car2go torino: session success
DEBUG:root:[2017-01-17 15:44:40.889033] -> car2go torino: session success
DEBUG:root:[2017-01-17 15:44:40.889260] -> car2go torino: session success
DEBUG:root:[2017-01-17 15:44:54.530380] -> car2go torino: session success
DEBUG:root:[2017-01-17 15:44:54.530651] -> car2go torino: session success
DEBUG:root:[2017-01-17 15:50:17.345566] -> car2go torino: session success
DEBUG:root:[2017-01-17 15:50:17.346502] -> car2go torino: session success
INFO:requests.packages.urllib3.connectionpool:Starting new HTTPS connection (1): maps.googleapis.com
DEBUG:requests.packages.urllib3.connectionpool:"GET /maps/api/directions/json?departure_time=1484900460&destination=45.06166%2C7.67332&mode=transit&origin=45.04685%2C7.68374&key=AIzaSyD3PdBLQxWMDsaJ1tdHOs02QNBuIEqLSiQ HTTP/1.1" 200 2356
DEBUG:root:[2017-01-17 15:53:09.079127] -> car2go torino: session success
DEBUG:root:[2017-01-17 15:53:09.079447] -> car2go torino: session success
INFO:requests.packages.urllib3.connectionpool:Starting new HTTPS connection (1): maps.googleapis.com
DEBUG:requests.packages.urllib3.connectionpool:"GET /maps/api/directions/json?departure_time=1484952458&destination=45.05495%2C7.68364&mode=transit&origin=45.06621%2C7.69782&key=AIzaSyD3PdBLQxWMDsaJ1tdHOs02QNBuIEqLSiQ HTTP/1.1" 200 2080
INFO:requests.packages.urllib3.connectionpool:Starting new HTTPS connection (1): maps.googleapis.com
DEBUG:requests.packages.urllib3.connectionpool:"GET /maps/api/directions/json?departure_time=1484952458&destination=45.05495%2C7.68364&origin=45.06621%2C7.69782&key=AIzaSyD3PdBLQxWMDsaJ1tdHOs02QNBuIEqLSiQ HTTP/1.1" 200 1852
INFO:requests.packages.urllib3.connectionpool:Starting new HTTPS connection (1): maps.googleapis.com
DEBUG:requests.packages.urllib3.connectionpool:"GET /maps/api/directions/json?departure_time=1484950508&destination=45.18843%2C7.6435&mode=transit&origin=45.18843%2C7.6435&key=AIzaSyD3PdBLQxWMDsaJ1tdHOs02QNBuIEqLSiQ HTTP/1.1" 200 749
INFO:requests.packages.urllib3.connectionpool:Starting new HTTPS connection (1): maps.googleapis.com
DEBUG:requests.packages.urllib3.connectionpool:"GET /maps/api/directions/json?departure_time=1484950508&destination=45.18843%2C7.6435&origin=45.18843%2C7.6435&key=AIzaSyD3PdBLQxWMDsaJ1tdHOs02QNBuIEqLSiQ HTTP/1.1" 200 600
DEBUG:root:[2017-01-19 15:59:39.000710] -> car2go torino: session success
DEBUG:root:[2017-01-19 15:59:39.001075] -> car2go torino: session success
INFO:requests.packages.urllib3.connectionpool:Starting new HTTPS connection (1): maps.googleapis.com
DEBUG:requests.packages.urllib3.connectionpool:"GET /maps/api/directions/json?departure_time=1485127673&destination=45.03719%2C7.65246&mode=transit&origin=45.11156%2C7.64521&key=AIzaSyAUrnCmaEs7e7izfCiKYm-k7Ap0EwZzYes HTTP/1.1" 200 133
DEBUG:root:[2017-01-19 16:01:00.550663] -> car2go torino: direction_transit success
INFO:requests.packages.urllib3.connectionpool:Starting new HTTPS connection (1): maps.googleapis.com
DEBUG:requests.packages.urllib3.connectionpool:"GET /maps/api/directions/json?departure_time=1485109015&destination=45.10022%2C7.66901&mode=transit&origin=45.0648%2C7.71395&key=AIzaSyCeT4Z_Cfabvpnh2FBbf3TCrhBNtwlfVwU HTTP/1.1" 200 2433
DEBUG:root:[2017-01-19 16:01:04.129334] -> car2go torino: direction_transit success
INFO:requests.packages.urllib3.connectionpool:Starting new HTTPS connection (1): maps.googleapis.com
DEBUG:requests.packages.urllib3.connectionpool:"GET /maps/api/directions/json?departure_time=1485109015&destination=45.10022%2C7.66901&mode=driving&origin=45.0648%2C7.71395&key=AIzaSyAcPVep5aXJLbuBDV7Qn_JaWSpD4o6s30w HTTP/1.1" 200 2236
DEBUG:root:[2017-01-19 16:01:06.104926] -> car2go torino: direction_driving success
INFO:requests.packages.urllib3.connectionpool:Starting new HTTPS connection (1): maps.googleapis.com
DEBUG:requests.packages.urllib3.connectionpool:"GET /maps/api/directions/json?departure_time=1485121447&destination=45.06538%2C7.62989&mode=transit&origin=45.10022%2C7.66901&key=AIzaSyBqMJcxNQUmciUN8qsI-4JVO9Hh_EJqNfE HTTP/1.1" 200 2469
DEBUG:root:[2017-01-19 16:01:07.897891] -> car2go torino: direction_transit success
INFO:requests.packages.urllib3.connectionpool:Starting new HTTPS connection (1): maps.googleapis.com
DEBUG:requests.packages.urllib3.connectionpool:"GET /maps/api/directions/json?departure_time=1485121447&destination=45.06538%2C7.62989&mode=driving&origin=45.10022%2C7.66901&key=AIzaSyB9XupnKFaH-zuVg_lBlz7NO8q6QpWFKZk HTTP/1.1" 200 1706
DEBUG:root:[2017-01-19 16:01:11.904046] -> car2go torino: direction_driving success
INFO:requests.packages.urllib3.connectionpool:Starting new HTTPS connection (1): maps.googleapis.com
DEBUG:requests.packages.urllib3.connectionpool:"GET /maps/api/directions/json?departure_time=1485158786&destination=45.07297%2C7.66379&mode=transit&origin=45.06538%2C7.62989&key=AIzaSyCoFpO5q5MatCal_1lLaxVCr6LcXePo91M HTTP/1.1" 200 2498
DEBUG:root:[2017-01-19 16:01:14.320650] -> car2go torino: direction_transit success
INFO:requests.packages.urllib3.connectionpool:Starting new HTTPS connection (1): maps.googleapis.com
DEBUG:requests.packages.urllib3.connectionpool:"GET /maps/api/directions/json?departure_time=1485158786&destination=45.07297%2C7.66379&mode=driving&origin=45.06538%2C7.62989&key=AIzaSyCGfLn4VqFrbV1PFc6duXi7ojPktJb-ta4 HTTP/1.1" 200 1644
DEBUG:root:[2017-01-19 16:01:16.204217] -> car2go torino: direction_driving success
INFO:requests.packages.urllib3.connectionpool:Starting new HTTPS connection (1): maps.googleapis.com
DEBUG:requests.packages.urllib3.connectionpool:"GET /maps/api/directions/json?departure_time=1485165945&destination=45.07425%2C7.66398&mode=transit&origin=45.07297%2C7.66379&key=AIzaSyBSjjou5aXnl-9L3SIaJR05Vc3Zb8j0WpY HTTP/1.1" 200 1145
DEBUG:root:[2017-01-19 16:01:18.218934] -> car2go torino: direction_transit success
INFO:requests.packages.urllib3.connectionpool:Starting new HTTPS connection (1): maps.googleapis.com
DEBUG:requests.packages.urllib3.connectionpool:"GET /maps/api/directions/json?departure_time=1485165945&destination=45.07425%2C7.66398&mode=driving&origin=45.07297%2C7.66379&key=AIzaSyAKaQDrgawidGlRNkjqTIMngFZs7pOV8Zc HTTP/1.1" 200 1052
DEBUG:root:[2017-01-19 16:01:20.399357] -> car2go torino: direction_driving success
INFO:requests.packages.urllib3.connectionpool:Starting new HTTPS connection (1): maps.googleapis.com
DEBUG:requests.packages.urllib3.connectionpool:"GET /maps/api/directions/json?departure_time=1485182604&destination=45.06895%2C7.67521&mode=transit&origin=45.07425%2C7.66398&key=AIzaSyB0ggpBGN6wRpsA1cdfAgO2iVtSt6Nj41I HTTP/1.1" 200 2412
DEBUG:root:[2017-01-19 16:01:22.612439] -> car2go torino: direction_transit success
INFO:requests.packages.urllib3.connectionpool:Starting new HTTPS connection (1): maps.googleapis.com
DEBUG:requests.packages.urllib3.connectionpool:"GET /maps/api/directions/json?departure_time=1485182604&destination=45.06895%2C7.67521&mode=driving&origin=45.07425%2C7.66398&key=AIzaSyDVU9CsZY89DZv7JC7N5u8HTWrppGJNOko HTTP/1.1" 200 1933
DEBUG:root:[2017-01-19 16:01:24.835075] -> car2go torino: direction_driving success
INFO:requests.packages.urllib3.connectionpool:Starting new HTTPS connection (1): maps.googleapis.com
DEBUG:requests.packages.urllib3.connectionpool:"GET /maps/api/directions/json?departure_time=1485183870&destination=45.06897%2C7.67123&mode=transit&origin=45.06895%2C7.67521&key=AIzaSyD3PdBLQxWMDsaJ1tdHOs02QNBuIEqLSiQ HTTP/1.1" 200 1320
DEBUG:root:[2017-01-19 16:01:26.552119] -> car2go torino: direction_transit success
INFO:requests.packages.urllib3.connectionpool:Starting new HTTPS connection (1): maps.googleapis.com
DEBUG:requests.packages.urllib3.connectionpool:"GET /maps/api/directions/json?departure_time=1485183870&destination=45.06897%2C7.67123&mode=driving&origin=45.06895%2C7.67521&key=AIzaSyBnUsB3u6Blg23D5uqIQPnM_1Pawkp5VLY HTTP/1.1" 200 1301
DEBUG:root:[2017-01-19 16:01:28.429072] -> car2go torino: direction_driving success
INFO:requests.packages.urllib3.connectionpool:Starting new HTTPS connection (1): maps.googleapis.com
DEBUG:requests.packages.urllib3.connectionpool:"GET /maps/api/directions/json?departure_time=1485189813&destination=45.07701%2C7.68733&mode=transit&origin=45.06897%2C7.67123&key=AIzaSyDbPG5qS-g0pROiPRcOT2G-keWi54ie2-M HTTP/1.1" 200 2013
DEBUG:root:[2017-01-19 16:01:30.625958] -> car2go torino: direction_transit success
INFO:requests.packages.urllib3.connectionpool:Starting new HTTPS connection (1): maps.googleapis.com
DEBUG:requests.packages.urllib3.connectionpool:"GET /maps/api/directions/json?departure_time=1485189813&destination=45.07701%2C7.68733&mode=driving&origin=45.06897%2C7.67123&key=AIzaSyCjy-sVWBCyN9FOjBeNg2_OeULs-uXSmMI HTTP/1.1" 200 1821
DEBUG:root:[2017-01-19 16:01:35.879949] -> car2go torino: direction_driving success
INFO:requests.packages.urllib3.connectionpool:Starting new HTTPS connection (1): maps.googleapis.com
DEBUG:requests.packages.urllib3.connectionpool:"GET /maps/api/directions/json?departure_time=1485194107&destination=45.07813%2C7.66749&mode=transit&origin=45.07701%2C7.68733&key=AIzaSyCeT4Z_Cfabvpnh2FBbf3TCrhBNtwlfVwU HTTP/1.1" 200 2280
DEBUG:root:[2017-01-19 16:01:37.766095] -> car2go torino: direction_transit success
INFO:requests.packages.urllib3.connectionpool:Starting new HTTPS connection (1): maps.googleapis.com
DEBUG:requests.packages.urllib3.connectionpool:"GET /maps/api/directions/json?departure_time=1485194107&destination=45.07813%2C7.66749&mode=driving&origin=45.07701%2C7.68733&key=AIzaSyAcPVep5aXJLbuBDV7Qn_JaWSpD4o6s30w HTTP/1.1" 200 1658
DEBUG:root:[2017-01-19 16:01:39.496485] -> car2go torino: direction_driving success
INFO:requests.packages.urllib3.connectionpool:Starting new HTTPS connection (1): maps.googleapis.com
DEBUG:requests.packages.urllib3.connectionpool:"GET /maps/api/directions/json?departure_time=1485195962&destination=45.08639%2C7.66683&mode=transit&origin=45.07813%2C7.66749&key=AIzaSyBqMJcxNQUmciUN8qsI-4JVO9Hh_EJqNfE HTTP/1.1" 200 2395
DEBUG:root:[2017-01-19 16:01:41.227824] -> car2go torino: direction_transit success
INFO:requests.packages.urllib3.connectionpool:Starting new HTTPS connection (1): maps.googleapis.com
DEBUG:requests.packages.urllib3.connectionpool:"GET /maps/api/directions/json?departure_time=1485195962&destination=45.08639%2C7.66683&mode=driving&origin=45.07813%2C7.66749&key=AIzaSyB9XupnKFaH-zuVg_lBlz7NO8q6QpWFKZk HTTP/1.1" 200 1365
DEBUG:root:[2017-01-19 16:01:46.056929] -> car2go torino: direction_driving success
INFO:requests.packages.urllib3.connectionpool:Starting new HTTPS connection (1): maps.googleapis.com
DEBUG:requests.packages.urllib3.connectionpool:"GET /maps/api/directions/json?departure_time=1485251999&destination=45.06683%2C7.67269&mode=transit&origin=45.08639%2C7.66683&key=AIzaSyCoFpO5q5MatCal_1lLaxVCr6LcXePo91M HTTP/1.1" 200 2079
DEBUG:root:[2017-01-19 16:01:48.237270] -> car2go torino: direction_transit success
INFO:requests.packages.urllib3.connectionpool:Starting new HTTPS connection (1): maps.googleapis.com
DEBUG:requests.packages.urllib3.connectionpool:"GET /maps/api/directions/json?departure_time=1485251999&destination=45.06683%2C7.67269&mode=driving&origin=45.08639%2C7.66683&key=AIzaSyCGfLn4VqFrbV1PFc6duXi7ojPktJb-ta4 HTTP/1.1" 200 1875
DEBUG:root:[2017-01-19 16:01:59.060893] -> car2go torino: direction_driving success
INFO:requests.packages.urllib3.connectionpool:Starting new HTTPS connection (1): maps.googleapis.com
DEBUG:requests.packages.urllib3.connectionpool:"GET /maps/api/directions/json?departure_time=1485253481&destination=45.06492%2C7.67233&mode=transit&origin=45.06683%2C7.67269&key=AIzaSyBSjjou5aXnl-9L3SIaJR05Vc3Zb8j0WpY HTTP/1.1" 200 2006
DEBUG:root:[2017-01-19 16:02:01.121318] -> car2go torino: direction_transit success
INFO:requests.packages.urllib3.connectionpool:Starting new HTTPS connection (1): maps.googleapis.com
DEBUG:requests.packages.urllib3.connectionpool:"GET /maps/api/directions/json?departure_time=1485253481&destination=45.06492%2C7.67233&mode=driving&origin=45.06683%2C7.67269&key=AIzaSyAKaQDrgawidGlRNkjqTIMngFZs7pOV8Zc HTTP/1.1" 200 1288
DEBUG:root:[2017-01-19 16:02:02.548354] -> car2go torino: direction_driving success
INFO:requests.packages.urllib3.connectionpool:Starting new HTTPS connection (1): maps.googleapis.com
DEBUG:requests.packages.urllib3.connectionpool:"GET /maps/api/directions/json?departure_time=1485268934&destination=45.0592%2C7.68042&mode=transit&origin=45.06492%2C7.67233&key=AIzaSyB0ggpBGN6wRpsA1cdfAgO2iVtSt6Nj41I HTTP/1.1" 200 2048
DEBUG:root:[2017-01-19 16:02:04.533594] -> car2go torino: direction_transit success
INFO:requests.packages.urllib3.connectionpool:Starting new HTTPS connection (1): maps.googleapis.com
DEBUG:requests.packages.urllib3.connectionpool:"GET /maps/api/directions/json?departure_time=1485268934&destination=45.0592%2C7.68042&mode=driving&origin=45.06492%2C7.67233&key=AIzaSyDVU9CsZY89DZv7JC7N5u8HTWrppGJNOko HTTP/1.1" 200 1299
DEBUG:root:[2017-01-19 16:02:06.110842] -> car2go torino: direction_driving success
INFO:requests.packages.urllib3.connectionpool:Starting new HTTPS connection (1): maps.googleapis.com
DEBUG:requests.packages.urllib3.connectionpool:"GET /maps/api/directions/json?departure_time=1485272124&destination=45.05556%2C7.67622&mode=transit&origin=45.0592%2C7.68042&key=AIzaSyD3PdBLQxWMDsaJ1tdHOs02QNBuIEqLSiQ HTTP/1.1" 200 1252
DEBUG:root:[2017-01-19 16:02:08.031384] -> car2go torino: direction_transit success
INFO:requests.packages.urllib3.connectionpool:Starting new HTTPS connection (1): maps.googleapis.com
DEBUG:requests.packages.urllib3.connectionpool:"GET /maps/api/directions/json?departure_time=1485272124&destination=45.05556%2C7.67622&mode=driving&origin=45.0592%2C7.68042&key=AIzaSyBnUsB3u6Blg23D5uqIQPnM_1Pawkp5VLY HTTP/1.1" 200 1000
DEBUG:root:[2017-01-19 16:02:09.709877] -> car2go torino: direction_driving success
INFO:requests.packages.urllib3.connectionpool:Starting new HTTPS connection (1): maps.googleapis.com
DEBUG:requests.packages.urllib3.connectionpool:"GET /maps/api/directions/json?departure_time=1485272874&destination=45.06657%2C7.68766&mode=transit&origin=45.05556%2C7.67622&key=AIzaSyDbPG5qS-g0pROiPRcOT2G-keWi54ie2-M HTTP/1.1" 200 2154
DEBUG:root:[2017-01-19 16:02:11.491358] -> car2go torino: direction_transit success
INFO:requests.packages.urllib3.connectionpool:Starting new HTTPS connection (1): maps.googleapis.com
DEBUG:requests.packages.urllib3.connectionpool:"GET /maps/api/directions/json?departure_time=1485272874&destination=45.06657%2C7.68766&mode=driving&origin=45.05556%2C7.67622&key=AIzaSyCjy-sVWBCyN9FOjBeNg2_OeULs-uXSmMI HTTP/1.1" 200 1607
DEBUG:root:[2017-01-19 16:02:13.156912] -> car2go torino: direction_driving success
INFO:requests.packages.urllib3.connectionpool:Starting new HTTPS connection (1): maps.googleapis.com
DEBUG:requests.packages.urllib3.connectionpool:"GET /maps/api/directions/json?departure_time=1485276245&destination=45.06852%2C7.66821&mode=transit&origin=45.06657%2C7.68766&key=AIzaSyCeT4Z_Cfabvpnh2FBbf3TCrhBNtwlfVwU HTTP/1.1" 200 2319
DEBUG:root:[2017-01-19 16:02:15.138276] -> car2go torino: direction_transit success
INFO:requests.packages.urllib3.connectionpool:Starting new HTTPS connection (1): maps.googleapis.com
DEBUG:requests.packages.urllib3.connectionpool:"GET /maps/api/directions/json?departure_time=1485276245&destination=45.06852%2C7.66821&mode=driving&origin=45.06657%2C7.68766&key=AIzaSyAcPVep5aXJLbuBDV7Qn_JaWSpD4o6s30w HTTP/1.1" 200 1683
DEBUG:root:[2017-01-19 16:02:16.863403] -> car2go torino: direction_driving success
INFO:requests.packages.urllib3.connectionpool:Starting new HTTPS connection (1): maps.googleapis.com
DEBUG:requests.packages.urllib3.connectionpool:"GET /maps/api/directions/json?departure_time=1485278866&destination=45.10189%2C7.66917&mode=transit&origin=45.06852%2C7.66821&key=AIzaSyBqMJcxNQUmciUN8qsI-4JVO9Hh_EJqNfE HTTP/1.1" 200 2350
DEBUG:root:[2017-01-19 16:02:18.754166] -> car2go torino: direction_transit success
INFO:requests.packages.urllib3.connectionpool:Starting new HTTPS connection (1): maps.googleapis.com
DEBUG:requests.packages.urllib3.connectionpool:"GET /maps/api/directions/json?departure_time=1485278866&destination=45.10189%2C7.66917&mode=driving&origin=45.06852%2C7.66821&key=AIzaSyB9XupnKFaH-zuVg_lBlz7NO8q6QpWFKZk HTTP/1.1" 200 2267
DEBUG:root:[2017-01-19 16:02:21.681219] -> car2go torino: direction_driving success
INFO:requests.packages.urllib3.connectionpool:Starting new HTTPS connection (1): maps.googleapis.com
DEBUG:requests.packages.urllib3.connectionpool:"GET /maps/api/directions/json?departure_time=1485284258&destination=45.09503%2C7.66959&mode=transit&origin=45.10189%2C7.66917&key=AIzaSyCoFpO5q5MatCal_1lLaxVCr6LcXePo91M HTTP/1.1" 200 2631
DEBUG:root:[2017-01-19 16:02:23.168583] -> car2go torino: direction_transit success
INFO:requests.packages.urllib3.connectionpool:Starting new HTTPS connection (1): maps.googleapis.com
DEBUG:requests.packages.urllib3.connectionpool:"GET /maps/api/directions/json?departure_time=1485284258&destination=45.09503%2C7.66959&mode=driving&origin=45.10189%2C7.66917&key=AIzaSyCGfLn4VqFrbV1PFc6duXi7ojPktJb-ta4 HTTP/1.1" 200 1328
DEBUG:root:[2017-01-19 16:02:24.775990] -> car2go torino: direction_driving success
INFO:requests.packages.urllib3.connectionpool:Starting new HTTPS connection (1): maps.googleapis.com
DEBUG:requests.packages.urllib3.connectionpool:"GET /maps/api/directions/json?departure_time=1485285079&destination=45.10331%2C7.66749&mode=transit&origin=45.09503%2C7.66959&key=AIzaSyBSjjou5aXnl-9L3SIaJR05Vc3Zb8j0WpY HTTP/1.1" 200 2182
DEBUG:root:[2017-01-19 16:02:26.185688] -> car2go torino: direction_transit success
INFO:requests.packages.urllib3.connectionpool:Starting new HTTPS connection (1): maps.googleapis.com
DEBUG:requests.packages.urllib3.connectionpool:"GET /maps/api/directions/json?departure_time=1485285079&destination=45.10331%2C7.66749&mode=driving&origin=45.09503%2C7.66959&key=AIzaSyAKaQDrgawidGlRNkjqTIMngFZs7pOV8Zc HTTP/1.1" 200 1358
DEBUG:root:[2017-01-19 16:02:28.203308] -> car2go torino: direction_driving success
INFO:requests.packages.urllib3.connectionpool:Starting new HTTPS connection (1): maps.googleapis.com
DEBUG:requests.packages.urllib3.connectionpool:"GET /maps/api/directions/json?departure_time=1485120312&destination=45.0648%2C7.69126&mode=transit&origin=45.05049%2C7.65937&key=AIzaSyB0ggpBGN6wRpsA1cdfAgO2iVtSt6Nj41I HTTP/1.1" 200 2261
DEBUG:root:[2017-01-19 16:02:31.322633] -> car2go torino: direction_transit success
INFO:requests.packages.urllib3.connectionpool:Starting new HTTPS connection (1): maps.googleapis.com
DEBUG:requests.packages.urllib3.connectionpool:"GET /maps/api/directions/json?departure_time=1485120312&destination=45.0648%2C7.69126&mode=driving&origin=45.05049%2C7.65937&key=AIzaSyDVU9CsZY89DZv7JC7N5u8HTWrppGJNOko HTTP/1.1" 200 1746
DEBUG:root:[2017-01-19 16:02:33.737978] -> car2go torino: direction_driving success
INFO:requests.packages.urllib3.connectionpool:Starting new HTTPS connection (1): maps.googleapis.com
DEBUG:requests.packages.urllib3.connectionpool:"GET /maps/api/directions/json?departure_time=1485121976&destination=45.07405%2C7.67546&mode=transit&origin=45.0648%2C7.69126&key=AIzaSyD3PdBLQxWMDsaJ1tdHOs02QNBuIEqLSiQ HTTP/1.1" 200 2124
DEBUG:root:[2017-01-19 16:02:35.536518] -> car2go torino: direction_transit success
INFO:requests.packages.urllib3.connectionpool:Starting new HTTPS connection (1): maps.googleapis.com
DEBUG:requests.packages.urllib3.connectionpool:"GET /maps/api/directions/json?departure_time=1485121976&destination=45.07405%2C7.67546&mode=driving&origin=45.0648%2C7.69126&key=AIzaSyBnUsB3u6Blg23D5uqIQPnM_1Pawkp5VLY HTTP/1.1" 200 1459
DEBUG:root:[2017-01-19 16:02:37.203845] -> car2go torino: direction_driving success
INFO:requests.packages.urllib3.connectionpool:Starting new HTTPS connection (1): maps.googleapis.com
DEBUG:requests.packages.urllib3.connectionpool:"GET /maps/api/directions/json?departure_time=1485124631&destination=45.06884%2C7.70706&mode=transit&origin=45.07405%2C7.67546&key=AIzaSyDbPG5qS-g0pROiPRcOT2G-keWi54ie2-M HTTP/1.1" 200 2130
DEBUG:root:[2017-01-19 16:02:38.905561] -> car2go torino: direction_transit success
INFO:requests.packages.urllib3.connectionpool:Starting new HTTPS connection (1): maps.googleapis.com
DEBUG:requests.packages.urllib3.connectionpool:"GET /maps/api/directions/json?departure_time=1485124631&destination=45.06884%2C7.70706&mode=driving&origin=45.07405%2C7.67546&key=AIzaSyCjy-sVWBCyN9FOjBeNg2_OeULs-uXSmMI HTTP/1.1" 200 1422
DEBUG:root:[2017-01-19 16:02:45.238434] -> car2go torino: direction_driving success
INFO:requests.packages.urllib3.connectionpool:Starting new HTTPS connection (1): maps.googleapis.com
DEBUG:requests.packages.urllib3.connectionpool:"GET /maps/api/directions/json?departure_time=1485121756&destination=45.10556%2C7.69885&mode=transit&origin=45.06884%2C7.70706&key=AIzaSyCeT4Z_Cfabvpnh2FBbf3TCrhBNtwlfVwU HTTP/1.1" 200 2554
DEBUG:root:[2017-01-19 16:02:49.362985] -> car2go torino: direction_transit success
INFO:requests.packages.urllib3.connectionpool:Starting new HTTPS connection (1): maps.googleapis.com
DEBUG:requests.packages.urllib3.connectionpool:"GET /maps/api/directions/json?departure_time=1485121756&destination=45.10556%2C7.69885&mode=driving&origin=45.06884%2C7.70706&key=AIzaSyAcPVep5aXJLbuBDV7Qn_JaWSpD4o6s30w HTTP/1.1" 200 2187
DEBUG:root:[2017-01-19 16:02:51.857072] -> car2go torino: direction_driving success
INFO:requests.packages.urllib3.connectionpool:Starting new HTTPS connection (1): maps.googleapis.com
DEBUG:requests.packages.urllib3.connectionpool:"GET /maps/api/directions/json?departure_time=1485139550&destination=45.06198%2C7.67584&mode=transit&origin=45.10556%2C7.69885&key=AIzaSyBqMJcxNQUmciUN8qsI-4JVO9Hh_EJqNfE HTTP/1.1" 200 2285
DEBUG:root:[2017-01-19 16:02:55.445607] -> car2go torino: direction_transit success
INFO:requests.packages.urllib3.connectionpool:Starting new HTTPS connection (1): maps.googleapis.com
DEBUG:requests.packages.urllib3.connectionpool:"GET /maps/api/directions/json?departure_time=1485139550&destination=45.06198%2C7.67584&mode=driving&origin=45.10556%2C7.69885&key=AIzaSyB9XupnKFaH-zuVg_lBlz7NO8q6QpWFKZk HTTP/1.1" 200 2662
DEBUG:root:[2017-01-19 16:02:59.764064] -> car2go torino: direction_driving success
INFO:requests.packages.urllib3.connectionpool:Starting new HTTPS connection (1): maps.googleapis.com
DEBUG:requests.packages.urllib3.connectionpool:"GET /maps/api/directions/json?departure_time=1485158329&destination=45.01419%2C7.62516&mode=transit&origin=45.06198%2C7.67584&key=AIzaSyCoFpO5q5MatCal_1lLaxVCr6LcXePo91M HTTP/1.1" 200 2350
DEBUG:root:[2017-01-19 16:03:02.810195] -> car2go torino: direction_transit success
INFO:requests.packages.urllib3.connectionpool:Starting new HTTPS connection (1): maps.googleapis.com
DEBUG:requests.packages.urllib3.connectionpool:"GET /maps/api/directions/json?departure_time=1485158329&destination=45.01419%2C7.62516&mode=driving&origin=45.06198%2C7.67584&key=AIzaSyCGfLn4VqFrbV1PFc6duXi7ojPktJb-ta4 HTTP/1.1" 200 2148
DEBUG:root:[2017-01-19 16:03:05.526766] -> car2go torino: direction_driving success
INFO:requests.packages.urllib3.connectionpool:Starting new HTTPS connection (1): maps.googleapis.com
DEBUG:requests.packages.urllib3.connectionpool:"GET /maps/api/directions/json?departure_time=1485194581&destination=45.04659%2C7.62799&mode=transit&origin=45.01419%2C7.62516&key=AIzaSyBSjjou5aXnl-9L3SIaJR05Vc3Zb8j0WpY HTTP/1.1" 200 2357
DEBUG:root:[2017-01-19 16:03:07.349153] -> car2go torino: direction_transit success
INFO:requests.packages.urllib3.connectionpool:Starting new HTTPS connection (1): maps.googleapis.com
DEBUG:requests.packages.urllib3.connectionpool:"GET /maps/api/directions/json?departure_time=1485194581&destination=45.04659%2C7.62799&mode=driving&origin=45.01419%2C7.62516&key=AIzaSyAKaQDrgawidGlRNkjqTIMngFZs7pOV8Zc HTTP/1.1" 200 2665
DEBUG:root:[2017-01-19 16:03:08.861467] -> car2go torino: direction_driving success
INFO:requests.packages.urllib3.connectionpool:Starting new HTTPS connection (1): maps.googleapis.com
DEBUG:requests.packages.urllib3.connectionpool:"GET /maps/api/directions/json?departure_time=1485215442&destination=45.05454%2C7.67599&mode=transit&origin=45.04659%2C7.62799&key=AIzaSyB0ggpBGN6wRpsA1cdfAgO2iVtSt6Nj41I HTTP/1.1" 200 2845
DEBUG:root:[2017-01-19 16:03:10.629469] -> car2go torino: direction_transit success
INFO:requests.packages.urllib3.connectionpool:Starting new HTTPS connection (1): maps.googleapis.com
DEBUG:requests.packages.urllib3.connectionpool:"GET /maps/api/directions/json?departure_time=1485215442&destination=45.05454%2C7.67599&mode=driving&origin=45.04659%2C7.62799&key=AIzaSyDVU9CsZY89DZv7JC7N5u8HTWrppGJNOko HTTP/1.1" 200 1959
DEBUG:root:[2017-01-19 16:03:12.021088] -> car2go torino: direction_driving success
INFO:requests.packages.urllib3.connectionpool:Starting new HTTPS connection (1): maps.googleapis.com
DEBUG:requests.packages.urllib3.connectionpool:"GET /maps/api/directions/json?departure_time=1485235264&destination=45.02346%2C7.65501&mode=transit&origin=45.05454%2C7.67599&key=AIzaSyD3PdBLQxWMDsaJ1tdHOs02QNBuIEqLSiQ HTTP/1.1" 200 None
INFO:requests.packages.urllib3.connectionpool:Starting new HTTPS connection (1): maps.googleapis.com
DEBUG:requests.packages.urllib3.connectionpool:"GET /maps/api/directions/json?departure_time=1485235264&destination=45.02346%2C7.65501&mode=transit&origin=45.05454%2C7.67599&key=AIzaSyD3PdBLQxWMDsaJ1tdHOs02QNBuIEqLSiQ HTTP/1.1" 200 None
INFO:requests.packages.urllib3.connectionpool:Starting new HTTPS connection (1): maps.googleapis.com
DEBUG:requests.packages.urllib3.connectionpool:"GET /maps/api/directions/json?departure_time=1485235264&destination=45.02346%2C7.65501&mode=transit&origin=45.05454%2C7.67599&key=AIzaSyD3PdBLQxWMDsaJ1tdHOs02QNBuIEqLSiQ HTTP/1.1" 200 None
INFO:requests.packages.urllib3.connectionpool:Starting new HTTPS connection (1): maps.googleapis.com
DEBUG:requests.packages.urllib3.connectionpool:"GET /maps/api/directions/json?departure_time=1485235264&destination=45.02346%2C7.65501&mode=transit&origin=45.05454%2C7.67599&key=AIzaSyD3PdBLQxWMDsaJ1tdHOs02QNBuIEqLSiQ HTTP/1.1" 200 2334
DEBUG:root:[2017-01-19 16:03:17.461817] -> car2go torino: direction_transit success
INFO:requests.packages.urllib3.connectionpool:Starting new HTTPS connection (1): maps.googleapis.com
DEBUG:requests.packages.urllib3.connectionpool:"GET /maps/api/directions/json?departure_time=1485235264&destination=45.02346%2C7.65501&mode=driving&origin=45.05454%2C7.67599&key=AIzaSyBnUsB3u6Blg23D5uqIQPnM_1Pawkp5VLY HTTP/1.1" 200 2059
DEBUG:root:[2017-01-19 16:03:23.419817] -> car2go torino: direction_driving success
INFO:requests.packages.urllib3.connectionpool:Starting new HTTPS connection (1): maps.googleapis.com
DEBUG:requests.packages.urllib3.connectionpool:"GET /maps/api/directions/json?departure_time=1485242892&destination=45.05126%2C7.67434&mode=transit&origin=45.02346%2C7.65501&key=AIzaSyDbPG5qS-g0pROiPRcOT2G-keWi54ie2-M HTTP/1.1" 200 2268
DEBUG:root:[2017-01-19 16:03:24.767266] -> car2go torino: direction_transit success
INFO:requests.packages.urllib3.connectionpool:Starting new HTTPS connection (1): maps.googleapis.com
DEBUG:requests.packages.urllib3.connectionpool:"GET /maps/api/directions/json?departure_time=1485242892&destination=45.05126%2C7.67434&mode=driving&origin=45.02346%2C7.65501&key=AIzaSyCjy-sVWBCyN9FOjBeNg2_OeULs-uXSmMI HTTP/1.1" 200 2206
DEBUG:root:[2017-01-19 16:03:26.149947] -> car2go torino: direction_driving success
INFO:requests.packages.urllib3.connectionpool:Starting new HTTPS connection (1): maps.googleapis.com
DEBUG:requests.packages.urllib3.connectionpool:"GET /maps/api/directions/json?departure_time=1485253769&destination=45.04851%2C7.64564&mode=transit&origin=45.05126%2C7.67434&key=AIzaSyCeT4Z_Cfabvpnh2FBbf3TCrhBNtwlfVwU HTTP/1.1" 200 2276
DEBUG:root:[2017-01-19 16:03:27.547135] -> car2go torino: direction_transit success
INFO:requests.packages.urllib3.connectionpool:Starting new HTTPS connection (1): maps.googleapis.com
DEBUG:requests.packages.urllib3.connectionpool:"GET /maps/api/directions/json?departure_time=1485253769&destination=45.04851%2C7.64564&mode=driving&origin=45.05126%2C7.67434&key=AIzaSyAcPVep5aXJLbuBDV7Qn_JaWSpD4o6s30w HTTP/1.1" 200 1935
DEBUG:root:[2017-01-19 16:03:28.841815] -> car2go torino: direction_driving success
INFO:requests.packages.urllib3.connectionpool:Starting new HTTPS connection (1): maps.googleapis.com
DEBUG:requests.packages.urllib3.connectionpool:"GET /maps/api/directions/json?departure_time=1485261039&destination=45.05134%2C7.63513&mode=transit&origin=45.04851%2C7.64564&key=AIzaSyBqMJcxNQUmciUN8qsI-4JVO9Hh_EJqNfE HTTP/1.1" 200 2450
DEBUG:root:[2017-01-19 16:03:30.315675] -> car2go torino: direction_transit success
INFO:requests.packages.urllib3.connectionpool:Starting new HTTPS connection (1): maps.googleapis.com
DEBUG:requests.packages.urllib3.connectionpool:"GET /maps/api/directions/json?departure_time=1485261039&destination=45.05134%2C7.63513&mode=driving&origin=45.04851%2C7.64564&key=AIzaSyB9XupnKFaH-zuVg_lBlz7NO8q6QpWFKZk HTTP/1.1" 200 1227
DEBUG:root:[2017-01-19 16:03:31.549130] -> car2go torino: direction_driving success
INFO:requests.packages.urllib3.connectionpool:Starting new HTTPS connection (1): maps.googleapis.com
DEBUG:requests.packages.urllib3.connectionpool:"GET /maps/api/directions/json?departure_time=1485280194&destination=45.06076%2C7.65935&mode=transit&origin=45.05134%2C7.63513&key=AIzaSyCoFpO5q5MatCal_1lLaxVCr6LcXePo91M HTTP/1.1" 200 2288
DEBUG:root:[2017-01-19 16:03:32.814891] -> car2go torino: direction_transit success
INFO:requests.packages.urllib3.connectionpool:Starting new HTTPS connection (1): maps.googleapis.com
DEBUG:requests.packages.urllib3.connectionpool:"GET /maps/api/directions/json?departure_time=1485280194&destination=45.06076%2C7.65935&mode=driving&origin=45.05134%2C7.63513&key=AIzaSyCGfLn4VqFrbV1PFc6duXi7ojPktJb-ta4 HTTP/1.1" 200 1812
DEBUG:root:[2017-01-19 16:03:33.968368] -> car2go torino: direction_driving success
INFO:requests.packages.urllib3.connectionpool:Starting new HTTPS connection (1): maps.googleapis.com
DEBUG:requests.packages.urllib3.connectionpool:"GET /maps/api/directions/json?departure_time=1485282935&destination=45.05048%2C7.6273&mode=transit&origin=45.06076%2C7.65935&key=AIzaSyBSjjou5aXnl-9L3SIaJR05Vc3Zb8j0WpY HTTP/1.1" 200 2346
DEBUG:root:[2017-01-19 16:03:35.180242] -> car2go torino: direction_transit success
INFO:requests.packages.urllib3.connectionpool:Starting new HTTPS connection (1): maps.googleapis.com
DEBUG:requests.packages.urllib3.connectionpool:"GET /maps/api/directions/json?departure_time=1485282935&destination=45.05048%2C7.6273&mode=driving&origin=45.06076%2C7.65935&key=AIzaSyAKaQDrgawidGlRNkjqTIMngFZs7pOV8Zc HTTP/1.1" 200 2325
DEBUG:root:[2017-01-19 16:03:36.432078] -> car2go torino: direction_driving success
INFO:requests.packages.urllib3.connectionpool:Starting new HTTPS connection (1): maps.googleapis.com
DEBUG:requests.packages.urllib3.connectionpool:"GET /maps/api/directions/json?departure_time=1485059917&destination=45.07965%2C7.66691&mode=transit&origin=45.04986%2C7.63984&key=AIzaSyB0ggpBGN6wRpsA1cdfAgO2iVtSt6Nj41I HTTP/1.1" 200 2293
DEBUG:root:[2017-01-19 16:03:37.709943] -> car2go torino: direction_transit success
INFO:requests.packages.urllib3.connectionpool:Starting new HTTPS connection (1): maps.googleapis.com
DEBUG:requests.packages.urllib3.connectionpool:"GET /maps/api/directions/json?departure_time=1485059917&destination=45.07965%2C7.66691&mode=driving&origin=45.04986%2C7.63984&key=AIzaSyDVU9CsZY89DZv7JC7N5u8HTWrppGJNOko HTTP/1.1" 200 1925
DEBUG:root:[2017-01-19 16:03:38.981418] -> car2go torino: direction_driving success
INFO:requests.packages.urllib3.connectionpool:Starting new HTTPS connection (1): maps.googleapis.com
DEBUG:requests.packages.urllib3.connectionpool:"GET /maps/api/directions/json?departure_time=1485099003&destination=45.07903%2C7.64369&mode=transit&origin=45.07965%2C7.66691&key=AIzaSyD3PdBLQxWMDsaJ1tdHOs02QNBuIEqLSiQ HTTP/1.1" 200 2261
DEBUG:root:[2017-01-19 16:03:40.184732] -> car2go torino: direction_transit success
INFO:requests.packages.urllib3.connectionpool:Starting new HTTPS connection (1): maps.googleapis.com
DEBUG:requests.packages.urllib3.connectionpool:"GET /maps/api/directions/json?departure_time=1485099003&destination=45.07903%2C7.64369&mode=driving&origin=45.07965%2C7.66691&key=AIzaSyBnUsB3u6Blg23D5uqIQPnM_1Pawkp5VLY HTTP/1.1" 200 1492
DEBUG:root:[2017-01-19 16:03:41.396543] -> car2go torino: direction_driving success
INFO:requests.packages.urllib3.connectionpool:Starting new HTTPS connection (1): maps.googleapis.com
DEBUG:requests.packages.urllib3.connectionpool:"GET /maps/api/directions/json?departure_time=1485101522&destination=45.08293%2C7.68454&mode=transit&origin=45.07903%2C7.64369&key=AIzaSyDbPG5qS-g0pROiPRcOT2G-keWi54ie2-M HTTP/1.1" 200 2741
DEBUG:root:[2017-01-19 16:03:42.661476] -> car2go torino: direction_transit success
INFO:requests.packages.urllib3.connectionpool:Starting new HTTPS connection (1): maps.googleapis.com
DEBUG:requests.packages.urllib3.connectionpool:"GET /maps/api/directions/json?departure_time=1485101522&destination=45.08293%2C7.68454&mode=driving&origin=45.07903%2C7.64369&key=AIzaSyCjy-sVWBCyN9FOjBeNg2_OeULs-uXSmMI HTTP/1.1" 200 1900
DEBUG:root:[2017-01-19 16:03:43.840678] -> car2go torino: direction_driving success
INFO:requests.packages.urllib3.connectionpool:Starting new HTTPS connection (1): maps.googleapis.com
DEBUG:requests.packages.urllib3.connectionpool:"GET /maps/api/directions/json?departure_time=1485103580&destination=45.08271%2C7.68482&mode=transit&origin=45.08293%2C7.68454&key=AIzaSyCeT4Z_Cfabvpnh2FBbf3TCrhBNtwlfVwU HTTP/1.1" 200 842
DEBUG:root:[2017-01-19 16:03:45.083123] -> car2go torino: direction_transit success
INFO:requests.packages.urllib3.connectionpool:Starting new HTTPS connection (1): maps.googleapis.com
DEBUG:requests.packages.urllib3.connectionpool:"GET /maps/api/directions/json?departure_time=1485103580&destination=45.08271%2C7.68482&mode=driving&origin=45.08293%2C7.68454&key=AIzaSyAcPVep5aXJLbuBDV7Qn_JaWSpD4o6s30w HTTP/1.1" 200 680
DEBUG:root:[2017-01-19 16:03:46.325476] -> car2go torino: direction_driving success
INFO:requests.packages.urllib3.connectionpool:Starting new HTTPS connection (1): maps.googleapis.com
DEBUG:requests.packages.urllib3.connectionpool:"GET /maps/api/directions/json?departure_time=1485107268&destination=45.09387%2C7.68059&mode=transit&origin=45.08271%2C7.68482&key=AIzaSyBqMJcxNQUmciUN8qsI-4JVO9Hh_EJqNfE HTTP/1.1" 200 2278
DEBUG:root:[2017-01-19 16:03:47.696880] -> car2go torino: direction_transit success
INFO:requests.packages.urllib3.connectionpool:Starting new HTTPS connection (1): maps.googleapis.com
DEBUG:requests.packages.urllib3.connectionpool:"GET /maps/api/directions/json?departure_time=1485107268&destination=45.09387%2C7.68059&mode=driving&origin=45.08271%2C7.68482&key=AIzaSyB9XupnKFaH-zuVg_lBlz7NO8q6QpWFKZk HTTP/1.1" 200 1475
DEBUG:root:[2017-01-19 16:03:48.819430] -> car2go torino: direction_driving success
INFO:requests.packages.urllib3.connectionpool:Starting new HTTPS connection (1): maps.googleapis.com
DEBUG:requests.packages.urllib3.connectionpool:"GET /maps/api/directions/json?departure_time=1485158065&destination=45.07646%2C7.66667&mode=transit&origin=45.09387%2C7.68059&key=AIzaSyCoFpO5q5MatCal_1lLaxVCr6LcXePo91M HTTP/1.1" 200 2731
DEBUG:root:[2017-01-19 16:03:50.064061] -> car2go torino: direction_transit success
INFO:requests.packages.urllib3.connectionpool:Starting new HTTPS connection (1): maps.googleapis.com
DEBUG:requests.packages.urllib3.connectionpool:"GET /maps/api/directions/json?departure_time=1485158065&destination=45.07646%2C7.66667&mode=driving&origin=45.09387%2C7.68059&key=AIzaSyCGfLn4VqFrbV1PFc6duXi7ojPktJb-ta4 HTTP/1.1" 200 2043
DEBUG:root:[2017-01-19 16:03:51.356541] -> car2go torino: direction_driving success
INFO:requests.packages.urllib3.connectionpool:Starting new HTTPS connection (1): maps.googleapis.com
DEBUG:requests.packages.urllib3.connectionpool:"GET /maps/api/directions/json?departure_time=1485166192&destination=45.08168%2C7.69139&mode=transit&origin=45.07646%2C7.66667&key=AIzaSyBSjjou5aXnl-9L3SIaJR05Vc3Zb8j0WpY HTTP/1.1" 200 2808
DEBUG:root:[2017-01-19 16:03:52.558480] -> car2go torino: direction_transit success
INFO:requests.packages.urllib3.connectionpool:Starting new HTTPS connection (1): maps.googleapis.com
DEBUG:requests.packages.urllib3.connectionpool:"GET /maps/api/directions/json?departure_time=1485166192&destination=45.08168%2C7.69139&mode=driving&origin=45.07646%2C7.66667&key=AIzaSyAKaQDrgawidGlRNkjqTIMngFZs7pOV8Zc HTTP/1.1" 200 1741
DEBUG:root:[2017-01-19 16:03:53.733275] -> car2go torino: direction_driving success
INFO:requests.packages.urllib3.connectionpool:Starting new HTTPS connection (1): maps.googleapis.com
DEBUG:requests.packages.urllib3.connectionpool:"GET /maps/api/directions/json?departure_time=1485169534&destination=45.05493%2C7.67565&mode=transit&origin=45.08168%2C7.69139&key=AIzaSyB0ggpBGN6wRpsA1cdfAgO2iVtSt6Nj41I HTTP/1.1" 200 2262
DEBUG:root:[2017-01-19 16:03:55.016673] -> car2go torino: direction_transit success
INFO:requests.packages.urllib3.connectionpool:Starting new HTTPS connection (1): maps.googleapis.com
DEBUG:requests.packages.urllib3.connectionpool:"GET /maps/api/directions/json?departure_time=1485169534&destination=45.05493%2C7.67565&mode=driving&origin=45.08168%2C7.69139&key=AIzaSyDVU9CsZY89DZv7JC7N5u8HTWrppGJNOko HTTP/1.1" 200 2621
DEBUG:root:[2017-01-19 16:03:56.220564] -> car2go torino: direction_driving success
INFO:requests.packages.urllib3.connectionpool:Starting new HTTPS connection (1): maps.googleapis.com
DEBUG:requests.packages.urllib3.connectionpool:"GET /maps/api/directions/json?departure_time=1485172501&destination=45.08617%2C7.69895&mode=transit&origin=45.05493%2C7.67565&key=AIzaSyD3PdBLQxWMDsaJ1tdHOs02QNBuIEqLSiQ HTTP/1.1" 200 None
INFO:requests.packages.urllib3.connectionpool:Starting new HTTPS connection (1): maps.googleapis.com
DEBUG:requests.packages.urllib3.connectionpool:"GET /maps/api/directions/json?departure_time=1485172501&destination=45.08617%2C7.69895&mode=transit&origin=45.05493%2C7.67565&key=AIzaSyD3PdBLQxWMDsaJ1tdHOs02QNBuIEqLSiQ HTTP/1.1" 200 None
INFO:requests.packages.urllib3.connectionpool:Starting new HTTPS connection (1): maps.googleapis.com
DEBUG:requests.packages.urllib3.connectionpool:"GET /maps/api/directions/json?departure_time=1485172501&destination=45.08617%2C7.69895&mode=transit&origin=45.05493%2C7.67565&key=AIzaSyD3PdBLQxWMDsaJ1tdHOs02QNBuIEqLSiQ HTTP/1.1" 200 None
INFO:requests.packages.urllib3.connectionpool:Starting new HTTPS connection (1): maps.googleapis.com
DEBUG:requests.packages.urllib3.connectionpool:"GET /maps/api/directions/json?departure_time=1485172501&destination=45.08617%2C7.69895&mode=transit&origin=45.05493%2C7.67565&key=AIzaSyD3PdBLQxWMDsaJ1tdHOs02QNBuIEqLSiQ HTTP/1.1" 200 None
INFO:requests.packages.urllib3.connectionpool:Starting new HTTPS connection (1): maps.googleapis.com
DEBUG:requests.packages.urllib3.connectionpool:"GET /maps/api/directions/json?departure_time=1485172501&destination=45.08617%2C7.69895&mode=transit&origin=45.05493%2C7.67565&key=AIzaSyD3PdBLQxWMDsaJ1tdHOs02QNBuIEqLSiQ HTTP/1.1" 200 None
INFO:requests.packages.urllib3.connectionpool:Starting new HTTPS connection (1): maps.googleapis.com
DEBUG:requests.packages.urllib3.connectionpool:"GET /maps/api/directions/json?departure_time=1485172501&destination=45.08617%2C7.69895&mode=transit&origin=45.05493%2C7.67565&key=AIzaSyD3PdBLQxWMDsaJ1tdHOs02QNBuIEqLSiQ HTTP/1.1" 200 None
INFO:requests.packages.urllib3.connectionpool:Starting new HTTPS connection (1): maps.googleapis.com
DEBUG:requests.packages.urllib3.connectionpool:"GET /maps/api/directions/json?departure_time=1485172501&destination=45.08617%2C7.69895&mode=transit&origin=45.05493%2C7.67565&key=AIzaSyD3PdBLQxWMDsaJ1tdHOs02QNBuIEqLSiQ HTTP/1.1" 200 None
INFO:requests.packages.urllib3.connectionpool:Starting new HTTPS connection (1): maps.googleapis.com
DEBUG:requests.packages.urllib3.connectionpool:"GET /maps/api/directions/json?departure_time=1485172501&destination=45.08617%2C7.69895&mode=transit&origin=45.05493%2C7.67565&key=AIzaSyD3PdBLQxWMDsaJ1tdHOs02QNBuIEqLSiQ HTTP/1.1" 200 None
INFO:requests.packages.urllib3.connectionpool:Starting new HTTPS connection (1): maps.googleapis.com
DEBUG:requests.packages.urllib3.connectionpool:"GET /maps/api/directions/json?departure_time=1485172501&destination=45.08617%2C7.69895&mode=transit&origin=45.05493%2C7.67565&key=AIzaSyD3PdBLQxWMDsaJ1tdHOs02QNBuIEqLSiQ HTTP/1.1" 200 None
INFO:requests.packages.urllib3.connectionpool:Starting new HTTPS connection (1): maps.googleapis.com
DEBUG:requests.packages.urllib3.connectionpool:"GET /maps/api/directions/json?departure_time=1485172501&destination=45.08617%2C7.69895&mode=transit&origin=45.05493%2C7.67565&key=AIzaSyD3PdBLQxWMDsaJ1tdHOs02QNBuIEqLSiQ HTTP/1.1" 200 None
INFO:requests.packages.urllib3.connectionpool:Starting new HTTPS connection (1): maps.googleapis.com
DEBUG:requests.packages.urllib3.connectionpool:"GET /maps/api/directions/json?departure_time=1485172501&destination=45.08617%2C7.69895&mode=transit&origin=45.05493%2C7.67565&key=AIzaSyD3PdBLQxWMDsaJ1tdHOs02QNBuIEqLSiQ HTTP/1.1" 200 None
INFO:requests.packages.urllib3.connectionpool:Starting new HTTPS connection (1): maps.googleapis.com
DEBUG:requests.packages.urllib3.connectionpool:"GET /maps/api/directions/json?departure_time=1485172501&destination=45.08617%2C7.69895&mode=transit&origin=45.05493%2C7.67565&key=AIzaSyD3PdBLQxWMDsaJ1tdHOs02QNBuIEqLSiQ HTTP/1.1" 200 None
DEBUG:root:[2017-01-19 16:06:18.484982] -> car2go torino: session success
DEBUG:root:[2017-01-19 16:06:18.485535] -> car2go torino: session success
DEBUG:shapely.geos:Trying `CDLL(/usr/lib/libc.dylib)`
DEBUG:shapely.geos:Library path: '/usr/lib/libc.dylib'
DEBUG:shapely.geos:DLL: <CDLL '/usr/lib/libc.dylib', handle 10bdb1c60 at 116c78310>
