DEBUG:root:SUCCESS! added car: 130/FF143NT
DEBUG:root:SUCCESS! added car: 136/FF153NT
DEBUG:root:SUCCESS! added car: 083/FF049NT
DEBUG:root:SUCCESS! added car: 184/FF338NT
DEBUG:root:SUCCESS! added car: 102/FF085NT
DEBUG:root:SUCCESS! added car: 103/FF088NT
DEBUG:root:SUCCESS! added car: 105/FF092NT
DEBUG:root:SUCCESS! added car: 106/FF094NT
DEBUG:root:SUCCESS! added car: 006/FF753KW
DEBUG:root:SUCCESS! added car: 109/FF099NT
DEBUG:root:SUCCESS! added car: 349/FF153VY
DEBUG:root:SUCCESS! added car: 312/FA231ND
DEBUG:root:SUCCESS! added car: 122/FF130NT
DEBUG:root:SUCCESS! added car: 113/FF109NT
DEBUG:root:SUCCESS! added car: 116/FF115NT
DEBUG:root:SUCCESS! added car: 128/FF137NT
DEBUG:root:SUCCESS! added car: 120/FF126NT
DEBUG:root:SUCCESS! added car: 143/FF168NT
DEBUG:root:SUCCESS! added car: 123/FF131NT
DEBUG:root:SUCCESS! added car: 108/FF097NT
DEBUG:root:SUCCESS! added car: 141/FF166NT
DEBUG:root:SUCCESS! added car: 132/FF149NT
DEBUG:root:SUCCESS! added car: 134/FF151NT
DEBUG:root:SUCCESS! added car: 154/FF179NT
DEBUG:root:SUCCESS! added car: 145/FF170NT
DEBUG:root:SUCCESS! added car: 137/FF154NT
DEBUG:root:SUCCESS! added car: 165/FF190NT
DEBUG:root:SUCCESS! added car: 101/FF084NT
DEBUG:root:SUCCESS! added car: 150/FF175NT
DEBUG:root:SUCCESS! added car: 155/FF180NT
DEBUG:root:SUCCESS! added car: 148/FF173NT
DEBUG:root:SUCCESS! added car: 159/FF184NT
DEBUG:root:SUCCESS! added car: 160/FF185NT
DEBUG:root:SUCCESS! added car: 196/EZ562NP
DEBUG:root:SUCCESS! added car: 161/FF186NT
DEBUG:root:SUCCESS! added car: 162/FF187NT
DEBUG:root:SUCCESS! added car: 347/FF151VY
DEBUG:root:SUCCESS! added car: 346/FF150VY
DEBUG:root:SUCCESS! added car: 345/FF149VY
DEBUG:root:SUCCESS! added car: 054/FF844KW
DEBUG:root:SUCCESS! added car: 342/FF146VY
DEBUG:root:SUCCESS! added car: 052/FF840KW
DEBUG:root:SUCCESS! added car: 340/FF144VY
DEBUG:root:SUCCESS! added car: 169/FF194NT
DEBUG:root:SUCCESS! added car: 044/FF820KW
DEBUG:root:SUCCESS! added car: 171/FF196NT
DEBUG:root:SUCCESS! added car: 033/FF794KW
DEBUG:root:SUCCESS! added car: 174/FF199NT
DEBUG:root:SUCCESS! added car: 175/FF200NT
DEBUG:root:SUCCESS! added car: 129/FF138NT
DEBUG:root:SUCCESS! added car: 178/FF203NT
DEBUG:root:SUCCESS! added car: 104/FF089NT
DEBUG:root:SUCCESS! added car: 237/FF106SJ
DEBUG:root:SUCCESS! added car: 304/FF279SJ
DEBUG:root:SUCCESS! added car: 241/FF112SJ
DEBUG:root:SUCCESS! added car: 042/FF816KW
DEBUG:root:SUCCESS! added car: 235/FF103SJ
DEBUG:root:SUCCESS! added car: 117/FF117NT
DEBUG:root:SUCCESS! added car: 231/FF092SJ
DEBUG:root:SUCCESS! added car: 339/FF063VY
DEBUG:root:SUCCESS! added car: 337/FF061VY
DEBUG:root:SUCCESS! added car: 335/FF057VY
DEBUG:root:SUCCESS! added car: 336/FF059VY
DEBUG:root:SUCCESS! added car: 331/FF064VV
DEBUG:root:SUCCESS! added car: 332/FF065VV
DEBUG:root:SUCCESS! added car: 334/FF067VV
DEBUG:root:SUCCESS! added car: 158/FF183NT
DEBUG:root:SUCCESS! added car: 330/FF063VV
DEBUG:root:SUCCESS! added car: 328/FF053VV
DEBUG:root:SUCCESS! added car: 327/FF052VV
DEBUG:root:SUCCESS! added car: 325/FF050VV
DEBUG:root:SUCCESS! added car: 131/FF148NT
DEBUG:root:SUCCESS! added car: 324/FF299SJ
DEBUG:root:SUCCESS! added car: 323/FF298SJ
DEBUG:root:SUCCESS! added car: 338/FF062VY
DEBUG:root:SUCCESS! added car: 232/FF095SJ
DEBUG:root:SUCCESS! added car: 322/FF297SJ
DEBUG:root:SUCCESS! added car: 318/FF293SJ
DEBUG:root:SUCCESS! added car: 319/FF294SJ
DEBUG:root:SUCCESS! added car: 321/FF296SJ
DEBUG:root:SUCCESS! added car: 317/FF292SJ
DEBUG:root:SUCCESS! added car: 316/FF291SJ
DEBUG:root:SUCCESS! added car: 311/FF286SJ
DEBUG:root:SUCCESS! added car: 312/FF287SJ
DEBUG:root:SUCCESS! added car: 314/FF289SJ
DEBUG:root:SUCCESS! added car: 350/FF154VY
DEBUG:root:SUCCESS! added car: 305/FF280SJ
DEBUG:root:SUCCESS! added car: 307/FF282SJ
DEBUG:root:SUCCESS! added car: 306/FF281SJ
DEBUG:root:SUCCESS! added car: 303/FF278SJ
DEBUG:root:SUCCESS! added car: 298/FF248SJ
DEBUG:root:SUCCESS! added car: 301/FF276SJ
DEBUG:root:SUCCESS! added car: 302/FF277SJ
DEBUG:root:SUCCESS! added car: 167/FF192NT
DEBUG:root:SUCCESS! added car: 158/EZ468NP
DEBUG:root:SUCCESS! added car: 297/FF039SJ
DEBUG:root:SUCCESS! added car: 254/FF141SJ
DEBUG:root:SUCCESS! added car: 251/FF138SJ
DEBUG:root:SUCCESS! added car: 250/FF136SJ
DEBUG:root:SUCCESS! added car: 252/FF139SJ
DEBUG:root:SUCCESS! added car: 249/FF133SJ
DEBUG:root:SUCCESS! added car: 248/FF130SJ
DEBUG:root:SUCCESS! added car: 244/FF119SJ
DEBUG:root:SUCCESS! added car: 246/FF126SJ
DEBUG:root:SUCCESS! added car: 242/FF115SJ
DEBUG:root:SUCCESS! added car: 240/FF111SJ
DEBUG:root:SUCCESS! added car: 236/FF104SJ
DEBUG:root:SUCCESS! added car: 238/FF107SJ
DEBUG:root:SUCCESS! added car: 239/FF108SJ
DEBUG:root:SUCCESS! added car: 233/FF100SJ
DEBUG:root:SUCCESS! added car: 230/FF091SJ
DEBUG:root:SUCCESS! added car: 205/FF042SJ
DEBUG:root:SUCCESS! added car: 229/FF088SJ
DEBUG:root:SUCCESS! added car: 225/FF079SJ
DEBUG:root:SUCCESS! added car: 151/FF176NT
DEBUG:root:SUCCESS! added car: 221/FF071SJ
DEBUG:root:SUCCESS! added car: 219/FF067SJ
DEBUG:root:SUCCESS! added car: 220/FF068SJ
DEBUG:root:SUCCESS! added car: 217/FF062SJ
DEBUG:root:SUCCESS! added car: 218/FF065SJ
DEBUG:root:SUCCESS! added car: 216/FF056SJ
DEBUG:root:SUCCESS! added car: 213/FF052SJ
DEBUG:root:SUCCESS! added car: 211/FF050SJ
DEBUG:root:SUCCESS! added car: 212/FF051SJ
DEBUG:root:SUCCESS! added car: 210/FF049SJ
DEBUG:root:SUCCESS! added car: 209/FF046SJ
DEBUG:root:SUCCESS! added car: 208/FF045SJ
DEBUG:root:SUCCESS! added car: 207/FF044SJ
DEBUG:root:SUCCESS! added car: 107/FF095NT
DEBUG:root:SUCCESS! added car: 092/FF058NT
DEBUG:root:SUCCESS! added car: 309/FA236ND
DEBUG:root:SUCCESS! added car: 076/FF042NT
DEBUG:root:SUCCESS! added car: 064/FF030NT
DEBUG:root:SUCCESS! added car: 011/FF759KW
DEBUG:root:SUCCESS! added car: 177/FF202NT
DEBUG:root:SUCCESS! added car: 203/FF366NT
DEBUG:root:SUCCESS! added car: 152/EZ587NP
DEBUG:root:SUCCESS! added car: 184/EZ591NP
DEBUG:root:SUCCESS! added car: 133/FF150NT
DEBUG:root:SUCCESS! added car: 030/FF791KW
DEBUG:root:SUCCESS! added car: 306/FA172ND
DEBUG:root:SUCCESS! added car: 124/FG348FH
DEBUG:root:SUCCESS! added car: 037/FF798KW
DEBUG:root:SUCCESS! added car: 126/FF135NT
DEBUG:root:SUCCESS! added car: 198/FF352NT
DEBUG:root:SUCCESS! added car: 192/EZ547NP
DEBUG:root:SUCCESS! added car: 153/FF178NT
DEBUG:root:SUCCESS! added car: 180/EZ512NP
DEBUG:root:SUCCESS! added car: 034/FF795KW
DEBUG:root:SUCCESS! added car: 255/FF143SJ
DEBUG:root:SUCCESS! added car: 257/FF145SJ
DEBUG:root:SUCCESS! added car: 166/FF191NT
DEBUG:root:SUCCESS! added car: 256/FF144SJ
DEBUG:root:SUCCESS! added car: 264/FF157SJ
DEBUG:root:SUCCESS! added car: 265/FF158SJ
DEBUG:root:SUCCESS! added car: 267/FF162SJ
DEBUG:root:SUCCESS! added car: 273/FF184SJ
DEBUG:root:SUCCESS! added car: 271/FF179SJ
DEBUG:root:SUCCESS! added car: 276/FF187SJ
DEBUG:root:SUCCESS! added car: 180/FF334NT
DEBUG:root:SUCCESS! added car: 179/FF319NT
DEBUG:root:SUCCESS! added car: 181/FF335NT
DEBUG:root:SUCCESS! added car: 279/FF195SJ
DEBUG:root:SUCCESS! added car: 186/FF340NT
DEBUG:root:SUCCESS! added car: 269/FF169SJ
DEBUG:root:SUCCESS! added car: 188/FF342NT
DEBUG:root:SUCCESS! added car: 190/FF344NT
DEBUG:root:SUCCESS! added car: 278/FF194SJ
DEBUG:root:SUCCESS! added car: 282/FF206SJ
DEBUG:root:SUCCESS! added car: 095/FF061NT
DEBUG:root:SUCCESS! added car: 097/FF063NT
DEBUG:root:SUCCESS! added car: 094/FF060NT
DEBUG:root:SUCCESS! added car: 189/FF343NT
DEBUG:root:SUCCESS! added car: 187/FF341NT
DEBUG:root:SUCCESS! added car: 192/FF346NT
DEBUG:root:SUCCESS! added car: 283/FF208SJ
DEBUG:root:SUCCESS! added car: 284/FF209SJ
DEBUG:root:SUCCESS! added car: 285/FF210SJ
DEBUG:root:SUCCESS! added car: 091/FF057NT
DEBUG:root:SUCCESS! added car: 059/FF025NT
DEBUG:root:SUCCESS! added car: 286/FF212SJ
DEBUG:root:SUCCESS! added car: 087/FF053NT
DEBUG:root:SUCCESS! added car: 098/FF064NT
DEBUG:root:SUCCESS! added car: 288/FF214SJ
DEBUG:root:SUCCESS! added car: 289/FF215SJ
DEBUG:root:SUCCESS! added car: 290/FF222SJ
DEBUG:root:SUCCESS! added car: 082/FF048NT
DEBUG:root:SUCCESS! added car: 202/FF365NT
DEBUG:root:SUCCESS! added car: 047/FF824KW
DEBUG:root:SUCCESS! added car: 079/FF045NT
DEBUG:root:SUCCESS! added car: 038/FF799KW
DEBUG:root:SUCCESS! added car: 295/FF240SJ
DEBUG:root:SUCCESS! added car: 294/FF238SJ
DEBUG:root:SUCCESS! added car: 300/FF275SJ
DEBUG:root:SUCCESS! added car: 068/FF034NT
DEBUG:root:SUCCESS! added car: 066/FF032NT
DEBUG:root:SUCCESS! added car: 063/FF029NT
DEBUG:root:SUCCESS! added car: 275/FF186SJ
DEBUG:root:SUCCESS! added car: 025/FF783KW
DEBUG:root:SUCCESS! added car: 303/FA221ND
DEBUG:root:SUCCESS! added car: 291/FF226SJ
DEBUG:root:SUCCESS! added car: 084/FF050NT
DEBUG:root:SUCCESS! added car: 020/FF778KW
DEBUG:root:SUCCESS! added car: 021/FF779KW
DEBUG:root:SUCCESS! added car: 012/FF762KW
DEBUG:root:SUCCESS! added car: 111/FF105NT
DEBUG:root:SUCCESS! added car: 201/FF355NT
DEBUG:root:SUCCESS! added car: 074/FF040NT
DEBUG:root:SUCCESS! added car: 007/FF754KW
DEBUG:root:SUCCESS! added car: 005/FF748KW
DEBUG:root:SUCCESS! added car: 112/FF107NT
DEBUG:root:SUCCESS! added car: 168/FF193NT
DEBUG:root:SUCCESS! added car: 196/FF350NT
DEBUG:root:SUCCESS! added car: 163/EZ482NP
DEBUG:root:SUCCESS! added car: 086/FF052NT
DEBUG:root:SUCCESS! added car: 304/FA171ND
DEBUG:root:SUCCESS! added car: 075/FF041NT
DEBUG:root:SUCCESS! added car: 147/FF172NT
DEBUG:root:SUCCESS! added car: 003/FF746KW
DEBUG:root:SUCCESS! added car: 029/FF790KW
DEBUG:root:SUCCESS! added car: 018/FF776KW
DEBUG:root:SUCCESS! added car: 183/EZ526NP
DEBUG:root:SUCCESS! added car: 281/FF200SJ
DEBUG:root:SUCCESS! added car: 191/FF345NT
DEBUG:root:SUCCESS! added car: 274/FF185SJ
DEBUG:root:SUCCESS! added car: 206/FF043SJ
DEBUG:root:SUCCESS! added car: 014/FF764KW
DEBUG:root:SUCCESS! added car: 175/EZ503NP
DEBUG:root:SUCCESS! added car: 311/FA234ND
DEBUG:root:SUCCESS! added car: 058/FF868KW
DEBUG:root:SUCCESS! added car: 194/EZ573NP
DEBUG:root:SUCCESS! added car: 181/EZ519NP
DEBUG:root:SUCCESS! added car: 310/FF285SJ
DEBUG:root:SUCCESS! added car: 142/FF167NT
DEBUG:root:SUCCESS! added car: 153/EZ507NP
DEBUG:root:SUCCESS! added car: 009/FF757KW
DEBUG:root:SUCCESS! added car: 270/FF176SJ
DEBUG:root:SUCCESS! added car: 171/EZ491NP
DEBUG:root:SUCCESS! added car: 036/FF797KW
DEBUG:root:SUCCESS! added car: 023/FF781KW
DEBUG:root:SUCCESS! added car: 045/FF821KW
DEBUG:root:SUCCESS! added car: 008/FF756KW
DEBUG:root:SUCCESS! added car: 185/FF339NT
DEBUG:root:SUCCESS! added car: 315/FA175ND
DEBUG:root:SUCCESS! added car: 199/FF353NT
DEBUG:root:SUCCESS! added car: 028/FF789KW
DEBUG:root:SUCCESS! added car: 314/FA253ND
DEBUG:root:SUCCESS! added car: 119/FF124NT
DEBUG:root:SUCCESS! added car: 062/FF028NT
DEBUG:root:SUCCESS! added car: 160/EZ478NP
DEBUG:root:SUCCESS! added car: 125/FF134NT
DEBUG:root:SUCCESS! added car: 090/FF056NT
DEBUG:root:SUCCESS! added car: 199/EZ565NP
DEBUG:root:SUCCESS! added car: 172/FF197NT
DEBUG:root:SUCCESS! added car: 069/FF035NT
DEBUG:root:SUCCESS! added car: 189/EZ592NP
DEBUG:root:SUCCESS! added car: 194/FF348NT
DEBUG:root:SUCCESS! added car: 050/FF837KW
DEBUG:root:SUCCESS! added car: 176/EZ504NP
DEBUG:root:SUCCESS! added car: 004/FF747KW
DEBUG:root:SUCCESS! added car: 258/FF147SJ
DEBUG:root:SUCCESS! added car: 195/EZ569NP
DEBUG:root:SUCCESS! added car: 243/FF118SJ
DEBUG:root:SUCCESS! added car: 166/EZ485NP
DEBUG:root:SUCCESS! added car: 245/FF124SJ
DEBUG:root:SUCCESS! added car: 164/EZ483NP
DEBUG:root:SUCCESS! added car: 193/FF347NT
DEBUG:root:SUCCESS! added car: 071/FF037NT
DEBUG:root:SUCCESS! added car: 191/EZ554NP
DEBUG:root:SUCCESS! added car: 085/FF051NT
DEBUG:root:SUCCESS! added car: 080/FF046NT
DEBUG:root:SUCCESS! added car: 019/FF777KW
DEBUG:root:SUCCESS! added car: 188/EZ586NP
DEBUG:root:SUCCESS! added car: 190/EZ415NP
DEBUG:root:SUCCESS! added car: 326/FF051VV
DEBUG:root:SUCCESS! added car: 016/FF774KW
DEBUG:root:SUCCESS! added car: 144/FF169NT
DEBUG:root:SUCCESS! added car: 110/FF101NT
DEBUG:root:SUCCESS! added car: 146/FF171NT
DEBUG:root:SUCCESS! added car: 170/EZ490NP
DEBUG:root:SUCCESS! added car: 259/FF148SJ
DEBUG:root:SUCCESS! added car: 013/FF763KW
DEBUG:root:SUCCESS! added car: 041/FF813KW
DEBUG:root:SUCCESS! added car: 316/FA792NC
DEBUG:root:SUCCESS! added car: 187/EZ589NP
DEBUG:root:SUCCESS! added car: 046/FF822KW
DEBUG:root:SUCCESS! added car: 310/FA174ND
DEBUG:root:SUCCESS! added car: 169/EZ488NP
DEBUG:root:SUCCESS! added car: 198/EZ568NP
DEBUG:root:SUCCESS! added car: 167/EZ486NP
DEBUG:root:SUCCESS! added car: 280/FF198SJ
DEBUG:root:SUCCESS! added car: 262/FF153SJ
DEBUG:root:SUCCESS! added car: 043/FF819KW
DEBUG:root:SUCCESS! added car: 263/FF154SJ
DEBUG:root:SUCCESS! added car: 268/FF168SJ
DEBUG:root:SUCCESS! added car: 070/FF036NT
DEBUG:root:SUCCESS! added car: 296/FF242SJ
DEBUG:root:SUCCESS! added car: 135/FF152NT
DEBUG:root:SUCCESS! added car: 077/FF043NT
DEBUG:root:SUCCESS! added car: 022/FF780KW
DEBUG:root:SUCCESS! added car: 168/EZ487NP
DEBUG:root:SUCCESS! added car: 200/EZ567NP
DEBUG:root:SUCCESS! added car: 170/FF195NT
DEBUG:root:SUCCESS! added car: 204/FF367NT
DEBUG:root:SUCCESS! added car: 185/EZ590NP
DEBUG:root:SUCCESS! added car: 287/FF213SJ
DEBUG:root:SUCCESS! added car: 200/FF354NT
DEBUG:root:SUCCESS! added car: 073/FF039NT
DEBUG:root:SUCCESS! added car: 260/FF151SJ
DEBUG:root:SUCCESS! added car: 223/FF075SJ
DEBUG:root:SUCCESS! added car: 002/FF741KW
DEBUG:root:SUCCESS! added car: 067/FF033NT
DEBUG:root:SUCCESS! added car: 088/FF054NT
DEBUG:root:SUCCESS! added car: 224/FF078SJ
DEBUG:root:SUCCESS! added car: 060/FF026NT
DEBUG:root:SUCCESS! added car: 214/FF054SJ
DEBUG:root:SUCCESS! added car: 183/FF337NT
DEBUG:root:SUCCESS! added car: 010/FF758KW
DEBUG:root:SUCCESS! added car: 040/FF812KW
DEBUG:root:SUCCESS! added car: 159/EZ463NP
DEBUG:root:SUCCESS! added car: 096/FF062NT
DEBUG:root:SUCCESS! added car: 156/EZ473NP
DEBUG:root:SUCCESS! added car: 329/FF054VV
DEBUG:root:SUCCESS! added car: 001/FF732KW
DEBUG:root:SUCCESS! added car: 027/FF786KW
DEBUG:root:SUCCESS! added car: 277/FF188SJ
DEBUG:root:SUCCESS! added car: 195/FF349NT
DEBUG:root:SUCCESS! added car: 228/FF086SJ
DEBUG:root:SUCCESS! added car: 186/EZ588NP
DEBUG:root:SUCCESS! added car: 177/EZ505NP
DEBUG:root:SUCCESS! added car: 139/FF164NT
DEBUG:root:SUCCESS! added car: 161/EZ480NP
DEBUG:root:SUCCESS! added car: 155/EZ474NP
DEBUG:root:SUCCESS! added car: 315/FF290SJ
DEBUG:root:SUCCESS! added car: 162/EZ481NP
DEBUG:root:SUCCESS! added car: 172/EZ492NP
DEBUG:root:SUCCESS! added car: 313/FA230ND
DEBUG:root:SUCCESS! added car: 299/FF249SJ
DEBUG:root:SUCCESS! added car: 179/EZ533NP
DEBUG:root:SUCCESS! added car: 165/EZ484NP
DEBUG:root:SUCCESS! added car: 138/FF156NT
DEBUG:root:SUCCESS! added car: 081/FF047NT
DEBUG:root:SUCCESS! added car: 344/FF148VY
DEBUG:root:SUCCESS! added car: 343/FF147VY
DEBUG:root:SUCCESS! added car: 308/FF283SJ
DEBUG:root:SUCCESS! added car: 226/FF080SJ
DEBUG:root:SUCCESS! added car: 017/FF775KW
DEBUG:root:SUCCESS! added car: 293/FF231SJ
DEBUG:root:SUCCESS! added car: 051/FF839KW
DEBUG:root:SUCCESS! added car: 227/FF085SJ
DEBUG:root:SUCCESS! added car: 247/FF128SJ
DEBUG:root:SUCCESS! added car: 121/FF127NT
DEBUG:root:SUCCESS! added car: 140/FF165NT
DEBUG:root:SUCCESS! added car: 049/FF834KW
DEBUG:root:SUCCESS! added car: 176/FF201NT
DEBUG:root:SUCCESS! added car: 182/FF336NT
DEBUG:root:SUCCESS! added car: 197/FF351NT
DEBUG:root:SUCCESS! added car: 100/FF082NT
DEBUG:root:SUCCESS! added car: 173/FF198NT
DEBUG:root:SUCCESS! added car: 127/FF136NT
DEBUG:root:SUCCESS! added car: 341/FF145VY
DEBUG:root:SUCCESS! added car: 024/FF782KW
DEBUG:root:SUCCESS! added car: 114/FF113NT
DEBUG:root:SUCCESS! added car: 015/FF771KW
DEBUG:root:SUCCESS! added car: 157/FF182NT
DEBUG:root:SUCCESS! added car: 053/FF841KW
DEBUG:root:SUCCESS! added car: 093/FF059NT
DEBUG:root:SUCCESS! added car: 118/FF120NT
DEBUG:root:SUCCESS! added car: 154/EZ477NP
DEBUG:root:SUCCESS! added car: 215/FF055SJ
DEBUG:root:SUCCESS! added car: 253/FF140SJ
DEBUG:root:SUCCESS! added car: 261/FF152SJ
DEBUG:root:SUCCESS! added car: 272/FF182SJ
DEBUG:root:SUCCESS! added car: 313/FF288SJ
DEBUG:root:SUCCESS! added car: 348/FF152VY
DEBUG:root:SUCCESS! added car: 333/FF066VV
DEBUG:root:SUCCESS! added car: 149/FF174NT
DEBUG:root:SUCCESS! added car: 026/FF785KW
DEBUG:root:SUCCESS! added car: 057/FF852KW
DEBUG:root:SUCCESS! added car: 292/FF227SJ
DEBUG:root:SUCCESS! added car: 048/FF826KW
DEBUG:root:SUCCESS! added car: 115/FF114NT
DEBUG:root:SUCCESS! added car: 032/FF793KW
DEBUG:root:SUCCESS! added car: 089/FF055NT
DEBUG:root:SUCCESS! added car: 305/FA201ND
DEBUG:root:SUCCESS! added car: 164/FF189NT
DEBUG:root:SUCCESS! added car: 163/FF188NT
DEBUG:root:SUCCESS! added car: 031/FF792KW
DEBUG:root:SUCCESS! added car: 309/FF284SJ
DEBUG:root:SUCCESS! added car: 182/EZ540NP
DEBUG:root:SUCCESS! added car: 307/FA237ND
DEBUG:root:SUCCESS! added car: 222/FF073SJ
DEBUG:root:SUCCESS! added car: 156/FF181NT
DEBUG:root:SUCCESS! added car: 308/FA791NC
DEBUG:root:SUCCESS! added car: 266/FF160SJ
DEBUG:root:SUCCESS! added car: 157/EZ446NP
DEBUG:root:SUCCESS! added car: 099/FF080NT
DEBUG:root:SUCCESS! added car: 320/FF295SJ
DEBUG:root:SUCCESS! added car: 061/FF027NT
DEBUG:root:SUCCESS! added car: 065/FF031NT
DEBUG:root:SUCCESS! added car: 035/FF796KW
DEBUG:root:SUCCESS! added car: 152/FF177NT
DEBUG:root:SUCCESS! added car: 072/FF038NT
